{"/home/travis/build/npmtest/node-npmtest-electron-window-manager/test.js":{"path":"/home/travis/build/npmtest/node-npmtest-electron-window-manager/test.js","s":{"1":2,"2":2,"3":2,"4":2,"5":2,"6":2,"7":2,"8":1,"9":2,"10":2,"11":1,"12":1,"13":1,"14":1,"15":2,"16":2,"17":2,"18":2,"19":1,"20":1,"21":2,"22":2,"23":2,"24":1,"25":1,"26":1,"27":1,"28":1,"29":1,"30":1,"31":1,"32":1,"33":1,"34":1,"35":1,"36":1,"37":1,"38":1,"39":2,"40":2,"41":1,"42":2,"43":2,"44":1,"45":2,"46":2,"47":1,"48":2,"49":2,"50":1,"51":1,"52":1,"53":1,"54":1},"b":{"1":[2,1,1,1],"2":[1,1,1,1],"3":[1,1],"4":[1,1],"5":[1,1],"6":[1,1],"7":[1,1],"8":[1,1],"9":[1,1],"10":[1,1,1],"11":[1,1],"12":[1,1],"13":[1,1],"14":[1,1],"15":[1,1],"16":[1,1],"17":[1,1]},"f":{"1":2,"2":2,"3":2,"4":2,"5":2,"6":1,"7":1,"8":1,"9":2,"10":2,"11":2,"12":2,"13":1},"fnMap":{"1":{"name":"(anonymous_1)","line":12,"loc":{"start":{"line":12,"column":1},"end":{"line":12,"column":13}}},"2":{"name":"(anonymous_2)","line":19,"loc":{"start":{"line":19,"column":5},"end":{"line":19,"column":17}}},"3":{"name":"(anonymous_3)","line":23,"loc":{"start":{"line":23,"column":24},"end":{"line":23,"column":36}}},"4":{"name":"(anonymous_4)","line":61,"loc":{"start":{"line":61,"column":5},"end":{"line":61,"column":17}}},"5":{"name":"(anonymous_5)","line":82,"loc":{"start":{"line":82,"column":5},"end":{"line":82,"column":17}}},"6":{"name":"(anonymous_6)","line":91,"loc":{"start":{"line":91,"column":77},"end":{"line":94,"column":10}}},"7":{"name":"(anonymous_7)","line":112,"loc":{"start":{"line":112,"column":83},"end":{"line":115,"column":10}},"skip":true},"8":{"name":"(anonymous_8)","line":123,"loc":{"start":{"line":123,"column":77},"end":{"line":126,"column":10}},"skip":true},"9":{"name":"(anonymous_9)","line":139,"loc":{"start":{"line":139,"column":12},"end":{"line":139,"column":40}},"skip":true},"10":{"name":"(anonymous_10)","line":147,"loc":{"start":{"line":147,"column":77},"end":{"line":150,"column":10}},"skip":true},"11":{"name":"(anonymous_11)","line":158,"loc":{"start":{"line":158,"column":83},"end":{"line":161,"column":10}},"skip":true},"12":{"name":"(anonymous_12)","line":169,"loc":{"start":{"line":169,"column":79},"end":{"line":172,"column":10}},"skip":true},"13":{"name":"(anonymous_13)","line":180,"loc":{"start":{"line":180,"column":75},"end":{"line":183,"column":10}},"skip":true}},"statementMap":{"1":{"start":{"line":12,"column":0},"end":{"line":195,"column":5}},"2":{"start":{"line":14,"column":4},"end":{"line":14,"column":14}},"3":{"start":{"line":19,"column":4},"end":{"line":56,"column":9}},"4":{"start":{"line":21,"column":8},"end":{"line":21,"column":19}},"5":{"start":{"line":23,"column":8},"end":{"line":35,"column":13}},"6":{"start":{"line":24,"column":12},"end":{"line":34,"column":13}},"7":{"start":{"line":25,"column":16},"end":{"line":28,"column":30}},"8":{"start":{"line":30,"column":16},"end":{"line":33,"column":27}},"9":{"start":{"line":37,"column":8},"end":{"line":39,"column":21}},"10":{"start":{"line":40,"column":8},"end":{"line":53,"column":9}},"11":{"start":{"line":43,"column":12},"end":{"line":46,"column":14}},"12":{"start":{"line":47,"column":12},"end":{"line":47,"column":18}},"13":{"start":{"line":50,"column":12},"end":{"line":51,"column":33}},"14":{"start":{"line":52,"column":12},"end":{"line":52,"column":18}},"15":{"start":{"line":55,"column":8},"end":{"line":55,"column":35}},"16":{"start":{"line":61,"column":4},"end":{"line":63,"column":9}},"17":{"start":{"line":62,"column":8},"end":{"line":62,"column":15}},"18":{"start":{"line":64,"column":4},"end":{"line":77,"column":5}},"19":{"start":{"line":70,"column":8},"end":{"line":70,"column":14}},"20":{"start":{"line":76,"column":8},"end":{"line":76,"column":14}},"21":{"start":{"line":82,"column":4},"end":{"line":84,"column":9}},"22":{"start":{"line":83,"column":8},"end":{"line":83,"column":15}},"23":{"start":{"line":85,"column":4},"end":{"line":194,"column":5}},"24":{"start":{"line":91,"column":8},"end":{"line":99,"column":10}},"25":{"start":{"line":98,"column":12},"end":{"line":98,"column":35}},"26":{"start":{"line":102,"column":8},"end":{"line":104,"column":63}},"27":{"start":{"line":105,"column":8},"end":{"line":105,"column":14}},"28":{"start":{"line":112,"column":8},"end":{"line":121,"column":10},"skip":true},"29":{"start":{"line":119,"column":12},"end":{"line":119,"column":55},"skip":true},"30":{"start":{"line":120,"column":12},"end":{"line":120,"column":48},"skip":true},"31":{"start":{"line":123,"column":8},"end":{"line":136,"column":10},"skip":true},"32":{"start":{"line":130,"column":12},"end":{"line":130,"column":76},"skip":true},"33":{"start":{"line":131,"column":12},"end":{"line":131,"column":73},"skip":true},"34":{"start":{"line":132,"column":12},"end":{"line":132,"column":74},"skip":true},"35":{"start":{"line":133,"column":12},"end":{"line":133,"column":79},"skip":true},"36":{"start":{"line":134,"column":12},"end":{"line":134,"column":25},"skip":true},"37":{"start":{"line":135,"column":12},"end":{"line":135,"column":45},"skip":true},"38":{"start":{"line":138,"column":8},"end":{"line":145,"column":14},"skip":true},"39":{"start":{"line":143,"column":16},"end":{"line":143,"column":29},"skip":true},"40":{"start":{"line":144,"column":16},"end":{"line":144,"column":55},"skip":true},"41":{"start":{"line":147,"column":8},"end":{"line":156,"column":10},"skip":true},"42":{"start":{"line":154,"column":12},"end":{"line":154,"column":25},"skip":true},"43":{"start":{"line":155,"column":12},"end":{"line":155,"column":45},"skip":true},"44":{"start":{"line":158,"column":8},"end":{"line":167,"column":10},"skip":true},"45":{"start":{"line":165,"column":12},"end":{"line":165,"column":25},"skip":true},"46":{"start":{"line":166,"column":12},"end":{"line":166,"column":48},"skip":true},"47":{"start":{"line":169,"column":8},"end":{"line":178,"column":10},"skip":true},"48":{"start":{"line":176,"column":12},"end":{"line":176,"column":25},"skip":true},"49":{"start":{"line":177,"column":12},"end":{"line":177,"column":46},"skip":true},"50":{"start":{"line":180,"column":8},"end":{"line":189,"column":10},"skip":true},"51":{"start":{"line":187,"column":12},"end":{"line":187,"column":94},"skip":true},"52":{"start":{"line":188,"column":12},"end":{"line":188,"column":48},"skip":true},"53":{"start":{"line":192,"column":8},"end":{"line":192,"column":35},"skip":true},"54":{"start":{"line":193,"column":8},"end":{"line":193,"column":14},"skip":true}},"branchMap":{"1":{"line":25,"type":"binary-expr","locations":[{"start":{"line":25,"column":23},"end":{"line":25,"column":62}},{"start":{"line":26,"column":20},"end":{"line":26,"column":70}},{"start":{"line":27,"column":20},"end":{"line":27,"column":71}},{"start":{"line":28,"column":20},"end":{"line":28,"column":29}}]},"2":{"line":30,"type":"binary-expr","locations":[{"start":{"line":30,"column":23},"end":{"line":30,"column":37}},{"start":{"line":31,"column":20},"end":{"line":31,"column":61}},{"start":{"line":32,"column":20},"end":{"line":32,"column":70}},{"start":{"line":33,"column":20},"end":{"line":33,"column":26}}]},"3":{"line":37,"type":"cond-expr","locations":[{"start":{"line":38,"column":14},"end":{"line":38,"column":20}},{"start":{"line":39,"column":14},"end":{"line":39,"column":20}}]},"4":{"line":40,"type":"switch","locations":[{"start":{"line":42,"column":8},"end":{"line":47,"column":18}},{"start":{"line":49,"column":8},"end":{"line":52,"column":18}}]},"5":{"line":44,"type":"binary-expr","locations":[{"start":{"line":44,"column":16},"end":{"line":44,"column":44}},{"start":{"line":44,"column":48},"end":{"line":44,"column":66}}]},"6":{"line":50,"type":"binary-expr","locations":[{"start":{"line":50,"column":21},"end":{"line":50,"column":49}},{"start":{"line":50,"column":53},"end":{"line":50,"column":72}}]},"7":{"line":64,"type":"switch","locations":[{"start":{"line":69,"column":4},"end":{"line":70,"column":14}},{"start":{"line":75,"column":4},"end":{"line":76,"column":14}}]},"8":{"line":85,"type":"switch","locations":[{"start":{"line":90,"column":4},"end":{"line":105,"column":14}},{"start":{"line":111,"column":4},"end":{"line":193,"column":14},"skip":true}]},"9":{"line":91,"type":"binary-expr","locations":[{"start":{"line":91,"column":42},"end":{"line":91,"column":73}},{"start":{"line":91,"column":77},"end":{"line":99,"column":9}}]},"10":{"line":102,"type":"binary-expr","locations":[{"start":{"line":102,"column":18},"end":{"line":102,"column":32}},{"start":{"line":103,"column":12},"end":{"line":103,"column":53}},{"start":{"line":104,"column":12},"end":{"line":104,"column":61}}]},"11":{"line":112,"type":"binary-expr","locations":[{"start":{"line":112,"column":45},"end":{"line":112,"column":79},"skip":true},{"start":{"line":112,"column":83},"end":{"line":121,"column":9},"skip":true}]},"12":{"line":123,"type":"binary-expr","locations":[{"start":{"line":123,"column":42},"end":{"line":123,"column":73},"skip":true},{"start":{"line":123,"column":77},"end":{"line":136,"column":9},"skip":true}]},"13":{"line":138,"type":"binary-expr","locations":[{"start":{"line":138,"column":48},"end":{"line":138,"column":85},"skip":true},{"start":{"line":139,"column":12},"end":{"line":145,"column":13},"skip":true}]},"14":{"line":147,"type":"binary-expr","locations":[{"start":{"line":147,"column":42},"end":{"line":147,"column":73},"skip":true},{"start":{"line":147,"column":77},"end":{"line":156,"column":9},"skip":true}]},"15":{"line":158,"type":"binary-expr","locations":[{"start":{"line":158,"column":45},"end":{"line":158,"column":79},"skip":true},{"start":{"line":158,"column":83},"end":{"line":167,"column":9},"skip":true}]},"16":{"line":169,"type":"binary-expr","locations":[{"start":{"line":169,"column":43},"end":{"line":169,"column":75},"skip":true},{"start":{"line":169,"column":79},"end":{"line":178,"column":9},"skip":true}]},"17":{"line":180,"type":"binary-expr","locations":[{"start":{"line":180,"column":41},"end":{"line":180,"column":71},"skip":true},{"start":{"line":180,"column":75},"end":{"line":189,"column":9},"skip":true}]}},"code":["/* istanbul instrument in package npmtest_electron_window_manager */","/*jslint","    bitwise: true,","    browser: true,","    maxerr: 8,","    maxlen: 96,","    node: true,","    nomen: true,","    regexp: true,","    stupid: true","*/","(function () {","    'use strict';","    var local;","","","","    // run shared js-env code - init-before","    (function () {","        // init local","        local = {};","        // init modeJs","        local.modeJs = (function () {","            try {","                return typeof navigator.userAgent === 'string' &&","                    typeof document.querySelector('body') === 'object' &&","                    typeof XMLHttpRequest.prototype.open === 'function' &&","                    'browser';","            } catch (errorCaughtBrowser) {","                return module.exports &&","                    typeof process.versions.node === 'string' &&","                    typeof require('http').createServer === 'function' &&","                    'node';","            }","        }());","        // init global","        local.global = local.modeJs === 'browser'","            ? window","            : global;","        switch (local.modeJs) {","        // re-init local from window.local","        case 'browser':","            local = local.global.utility2.objectSetDefault(","                local.global.utility2_rollup || local.global.local,","                local.global.utility2","            );","            break;","        // re-init local from example.js","        case 'node':","            local = (local.global.utility2_rollup || require('utility2'))","                .requireReadme();","            break;","        }","        // export local","        local.global.local = local;","    }());","","","","    // run shared js-env code - function","    (function () {","        return;","    }());","    switch (local.modeJs) {","","","","    // run browser js-env code - function","    case 'browser':","        break;","","","","    // run node js-env code - function","    case 'node':","        break;","    }","","","","    // run shared js-env code - init-after","    (function () {","        return;","    }());","    switch (local.modeJs) {","","","","    // run browser js-env code - init-after","    case 'browser':","        local.testCase_browser_nullCase = local.testCase_browser_nullCase || function (","            options,","            onError","        ) {","        /*","         * this function will test browsers's null-case handling-behavior-behavior","         */","            onError(null, options);","        };","","        // run tests","        local.nop(local.modeTest &&","            document.querySelector('#testRunButton1') &&","            document.querySelector('#testRunButton1').click());","        break;","","","","    // run node js-env code - init-after","    /* istanbul ignore next */","    case 'node':","        local.testCase_buildApidoc_default = local.testCase_buildApidoc_default || function (","            options,","            onError","        ) {","        /*","         * this function will test buildApidoc's default handling-behavior-behavior","         */","            options = { modulePathList: module.paths };","            local.buildApidoc(options, onError);","        };","","        local.testCase_buildApp_default = local.testCase_buildApp_default || function (","            options,","            onError","        ) {","        /*","         * this function will test buildApp's default handling-behavior-behavior","         */","            local.testCase_buildReadme_default(options, local.onErrorThrow);","            local.testCase_buildLib_default(options, local.onErrorThrow);","            local.testCase_buildTest_default(options, local.onErrorThrow);","            local.testCase_buildCustomOrg_default(options, local.onErrorThrow);","            options = [];","            local.buildApp(options, onError);","        };","","        local.testCase_buildCustomOrg_default = local.testCase_buildCustomOrg_default ||","            function (options, onError) {","            /*","             * this function will test buildCustomOrg's default handling-behavior","             */","                options = {};","                local.buildCustomOrg(options, onError);","            };","","        local.testCase_buildLib_default = local.testCase_buildLib_default || function (","            options,","            onError","        ) {","        /*","         * this function will test buildLib's default handling-behavior","         */","            options = {};","            local.buildLib(options, onError);","        };","","        local.testCase_buildReadme_default = local.testCase_buildReadme_default || function (","            options,","            onError","        ) {","        /*","         * this function will test buildReadme's default handling-behavior-behavior","         */","            options = {};","            local.buildReadme(options, onError);","        };","","        local.testCase_buildTest_default = local.testCase_buildTest_default || function (","            options,","            onError","        ) {","        /*","         * this function will test buildTest's default handling-behavior","         */","            options = {};","            local.buildTest(options, onError);","        };","","        local.testCase_webpage_default = local.testCase_webpage_default || function (","            options,","            onError","        ) {","        /*","         * this function will test webpage's default handling-behavior","         */","            options = { modeCoverageMerge: true, url: local.serverLocalHost + '?modeTest=1' };","            local.browserTest(options, onError);","        };","","        // run test-server","        local.testRunServer(local);","        break;","    }","}());",""],"l":{"12":2,"14":2,"19":2,"21":2,"23":2,"24":2,"25":2,"30":1,"37":2,"40":2,"43":1,"47":1,"50":1,"52":1,"55":2,"61":2,"62":2,"64":2,"70":1,"76":1,"82":2,"83":2,"85":2,"91":1,"98":1,"102":1,"105":1,"112":1,"119":1,"120":1,"123":1,"130":1,"131":1,"132":1,"133":1,"134":1,"135":1,"138":1,"143":2,"144":2,"147":1,"154":2,"155":2,"158":1,"165":2,"166":2,"169":1,"176":2,"177":2,"180":1,"187":1,"188":1,"192":1,"193":1}},"/home/travis/build/npmtest/node-npmtest-electron-window-manager/lib.npmtest_electron_window_manager.js":{"path":"/home/travis/build/npmtest/node-npmtest-electron-window-manager/lib.npmtest_electron_window_manager.js","s":{"1":2,"2":2,"3":2,"4":2,"5":2,"6":2,"7":2,"8":1,"9":2,"10":2,"11":2,"12":2,"13":1,"14":1,"15":1,"16":1},"b":{"1":[2,1,1,1],"2":[1,1,1,1],"3":[1,1],"4":[2,2],"5":[1,1]},"f":{"1":2,"2":2,"3":2},"fnMap":{"1":{"name":"(anonymous_1)","line":12,"loc":{"start":{"line":12,"column":1},"end":{"line":12,"column":13}}},"2":{"name":"(anonymous_2)","line":19,"loc":{"start":{"line":19,"column":5},"end":{"line":19,"column":17}}},"3":{"name":"(anonymous_3)","line":23,"loc":{"start":{"line":23,"column":24},"end":{"line":23,"column":36}}}},"statementMap":{"1":{"start":{"line":12,"column":0},"end":{"line":53,"column":5}},"2":{"start":{"line":14,"column":4},"end":{"line":14,"column":14}},"3":{"start":{"line":19,"column":4},"end":{"line":52,"column":9}},"4":{"start":{"line":21,"column":8},"end":{"line":21,"column":19}},"5":{"start":{"line":23,"column":8},"end":{"line":35,"column":13}},"6":{"start":{"line":24,"column":12},"end":{"line":34,"column":13}},"7":{"start":{"line":25,"column":16},"end":{"line":28,"column":30}},"8":{"start":{"line":30,"column":16},"end":{"line":33,"column":27}},"9":{"start":{"line":37,"column":8},"end":{"line":39,"column":21}},"10":{"start":{"line":41,"column":8},"end":{"line":41,"column":54}},"11":{"start":{"line":43,"column":8},"end":{"line":43,"column":68}},"12":{"start":{"line":45,"column":8},"end":{"line":51,"column":9}},"13":{"start":{"line":46,"column":12},"end":{"line":46,"column":74}},"14":{"start":{"line":48,"column":12},"end":{"line":48,"column":35}},"15":{"start":{"line":49,"column":12},"end":{"line":49,"column":49}},"16":{"start":{"line":50,"column":12},"end":{"line":50,"column":43}}},"branchMap":{"1":{"line":25,"type":"binary-expr","locations":[{"start":{"line":25,"column":23},"end":{"line":25,"column":62}},{"start":{"line":26,"column":20},"end":{"line":26,"column":70}},{"start":{"line":27,"column":20},"end":{"line":27,"column":71}},{"start":{"line":28,"column":20},"end":{"line":28,"column":29}}]},"2":{"line":30,"type":"binary-expr","locations":[{"start":{"line":30,"column":23},"end":{"line":30,"column":37}},{"start":{"line":31,"column":20},"end":{"line":31,"column":61}},{"start":{"line":32,"column":20},"end":{"line":32,"column":70}},{"start":{"line":33,"column":20},"end":{"line":33,"column":26}}]},"3":{"line":37,"type":"cond-expr","locations":[{"start":{"line":38,"column":14},"end":{"line":38,"column":20}},{"start":{"line":39,"column":14},"end":{"line":39,"column":20}}]},"4":{"line":41,"type":"binary-expr","locations":[{"start":{"line":41,"column":16},"end":{"line":41,"column":44}},{"start":{"line":41,"column":48},"end":{"line":41,"column":53}}]},"5":{"line":45,"type":"if","locations":[{"start":{"line":45,"column":8},"end":{"line":45,"column":8}},{"start":{"line":45,"column":8},"end":{"line":45,"column":8}}]}},"code":["/* istanbul instrument in package npmtest_electron_window_manager */","/*jslint","    bitwise: true,","    browser: true,","    maxerr: 8,","    maxlen: 96,","    node: true,","    nomen: true,","    regexp: true,","    stupid: true","*/","(function () {","    'use strict';","    var local;","","","","    // run shared js-env code - init-before","    (function () {","        // init local","        local = {};","        // init modeJs","        local.modeJs = (function () {","            try {","                return typeof navigator.userAgent === 'string' &&","                    typeof document.querySelector('body') === 'object' &&","                    typeof XMLHttpRequest.prototype.open === 'function' &&","                    'browser';","            } catch (errorCaughtBrowser) {","                return module.exports &&","                    typeof process.versions.node === 'string' &&","                    typeof require('http').createServer === 'function' &&","                    'node';","            }","        }());","        // init global","        local.global = local.modeJs === 'browser'","            ? window","            : global;","        // init utility2_rollup","        local = local.global.utility2_rollup || local;","        // init lib","        local.local = local.npmtest_electron_window_manager = local;","        // init exports","        if (local.modeJs === 'browser') {","            local.global.utility2_npmtest_electron_window_manager = local;","        } else {","            module.exports = local;","            module.exports.__dirname = __dirname;","            module.exports.module = module;","        }","    }());","}());",""],"l":{"12":2,"14":2,"19":2,"21":2,"23":2,"24":2,"25":2,"30":1,"37":2,"41":2,"43":2,"45":2,"46":1,"48":1,"49":1,"50":1}},"/home/travis/build/npmtest/node-npmtest-electron-window-manager/example.js":{"path":"/home/travis/build/npmtest/node-npmtest-electron-window-manager/example.js","s":{"1":2,"2":2,"3":2,"4":2,"5":2,"6":2,"7":2,"8":1,"9":2,"10":2,"11":2,"12":2,"13":1,"14":2,"15":2,"16":2,"17":2,"18":2,"19":0,"20":2,"21":1,"22":1,"23":1,"24":1,"25":1,"26":0,"27":0,"28":1,"29":1,"30":2,"31":0,"32":0,"33":0,"34":1,"35":2,"36":2,"37":3,"38":3,"39":3,"40":3,"41":0,"42":3,"43":3,"44":3,"45":1,"46":3,"47":1,"48":1,"49":1,"50":1,"51":1,"52":1,"53":1,"54":1,"55":1,"56":1,"57":0,"58":1,"59":6,"60":6,"61":1,"62":2,"63":0,"64":2,"65":1,"66":1,"67":0,"68":0,"69":0,"70":0,"71":0,"72":0,"73":0,"74":0,"75":0,"76":0,"77":0,"78":0,"79":0,"80":0,"81":0,"82":0,"83":0},"b":{"1":[2,1,1,1],"2":[1,1,1,1],"3":[1,1],"4":[2,2],"5":[1,1],"6":[1,1],"7":[2,0],"8":[2,1,1,1,1,1],"9":[0,2,0],"10":[1,1],"11":[2,1,1],"12":[1,0],"13":[0,2],"14":[2,0,0,0,0,0,0],"15":[0,3],"16":[3,0],"17":[1,1],"18":[0,1],"19":[1,2,0,2],"20":[1,0],"21":[1,1],"22":[0,0],"23":[0,0],"24":[0,0],"25":[0,0],"26":[0,0],"27":[0,0],"28":[0,0]},"f":{"1":2,"2":2,"3":2,"4":2,"5":2,"6":2,"7":3,"8":3,"9":3,"10":1,"11":6,"12":0},"fnMap":{"1":{"name":"(anonymous_1)","line":26,"loc":{"start":{"line":26,"column":1},"end":{"line":26,"column":13}}},"2":{"name":"(anonymous_2)","line":33,"loc":{"start":{"line":33,"column":5},"end":{"line":33,"column":17}}},"3":{"name":"(anonymous_3)","line":37,"loc":{"start":{"line":37,"column":24},"end":{"line":37,"column":36}}},"4":{"name":"(anonymous_4)","line":69,"loc":{"start":{"line":69,"column":31},"end":{"line":69,"column":48}},"skip":true},"5":{"name":"(anonymous_5)","line":78,"loc":{"start":{"line":78,"column":26},"end":{"line":78,"column":45}},"skip":true},"6":{"name":"(anonymous_6)","line":123,"loc":{"start":{"line":123,"column":33},"end":{"line":123,"column":48}},"skip":true},"7":{"name":"(anonymous_7)","line":125,"loc":{"start":{"line":125,"column":27},"end":{"line":125,"column":39}},"skip":true},"8":{"name":"(anonymous_8)","line":133,"loc":{"start":{"line":133,"column":59},"end":{"line":133,"column":74}},"skip":true},"9":{"name":"(anonymous_9)","line":143,"loc":{"start":{"line":143,"column":45},"end":{"line":143,"column":62}},"skip":true},"10":{"name":"(anonymous_10)","line":144,"loc":{"start":{"line":144,"column":73},"end":{"line":144,"column":92}},"skip":true},"11":{"name":"(anonymous_11)","line":272,"loc":{"start":{"line":272,"column":51},"end":{"line":272,"column":77}},"skip":true},"12":{"name":"(anonymous_12)","line":315,"loc":{"start":{"line":315,"column":32},"end":{"line":315,"column":61}},"skip":true}},"statementMap":{"1":{"start":{"line":26,"column":0},"end":{"line":326,"column":5}},"2":{"start":{"line":28,"column":4},"end":{"line":28,"column":14}},"3":{"start":{"line":33,"column":4},"end":{"line":60,"column":9}},"4":{"start":{"line":35,"column":8},"end":{"line":35,"column":19}},"5":{"start":{"line":37,"column":8},"end":{"line":49,"column":13}},"6":{"start":{"line":38,"column":12},"end":{"line":48,"column":13}},"7":{"start":{"line":39,"column":16},"end":{"line":42,"column":30}},"8":{"start":{"line":44,"column":16},"end":{"line":47,"column":27}},"9":{"start":{"line":51,"column":8},"end":{"line":53,"column":21}},"10":{"start":{"line":55,"column":8},"end":{"line":57,"column":45}},"11":{"start":{"line":59,"column":8},"end":{"line":59,"column":35}},"12":{"start":{"line":61,"column":4},"end":{"line":325,"column":5}},"13":{"start":{"line":69,"column":8},"end":{"line":121,"column":10},"skip":true},"14":{"start":{"line":70,"column":12},"end":{"line":88,"column":13},"skip":true},"15":{"start":{"line":76,"column":16},"end":{"line":87,"column":19},"skip":true},"16":{"start":{"line":79,"column":20},"end":{"line":86,"column":21},"skip":true},"17":{"start":{"line":82,"column":24},"end":{"line":82,"column":43},"skip":true},"18":{"start":{"line":83,"column":24},"end":{"line":83,"column":30},"skip":true},"19":{"start":{"line":85,"column":24},"end":{"line":85,"column":49},"skip":true},"20":{"start":{"line":89,"column":12},"end":{"line":107,"column":13},"skip":true},"21":{"start":{"line":92,"column":16},"end":{"line":102,"column":17},"skip":true},"22":{"start":{"line":93,"column":20},"end":{"line":93,"column":86},"skip":true},"23":{"start":{"line":94,"column":20},"end":{"line":95,"column":45},"skip":true},"24":{"start":{"line":96,"column":20},"end":{"line":96,"column":42},"skip":true},"25":{"start":{"line":97,"column":20},"end":{"line":97,"column":48},"skip":true},"26":{"start":{"line":100,"column":20},"end":{"line":100,"column":85},"skip":true},"27":{"start":{"line":101,"column":20},"end":{"line":101,"column":96},"skip":true},"28":{"start":{"line":103,"column":16},"end":{"line":103,"column":22},"skip":true},"29":{"start":{"line":106,"column":16},"end":{"line":106,"column":22},"skip":true},"30":{"start":{"line":108,"column":12},"end":{"line":120,"column":13},"skip":true},"31":{"start":{"line":114,"column":16},"end":{"line":119,"column":17},"skip":true},"32":{"start":{"line":116,"column":20},"end":{"line":116,"column":78},"skip":true},"33":{"start":{"line":118,"column":20},"end":{"line":118,"column":47},"skip":true},"34":{"start":{"line":123,"column":8},"end":{"line":141,"column":11},"skip":true},"35":{"start":{"line":124,"column":12},"end":{"line":124,"column":54},"skip":true},"36":{"start":{"line":125,"column":12},"end":{"line":140,"column":14},"skip":true},"37":{"start":{"line":126,"column":16},"end":{"line":126,"column":28},"skip":true},"38":{"start":{"line":127,"column":16},"end":{"line":127,"column":69},"skip":true},"39":{"start":{"line":128,"column":16},"end":{"line":128,"column":75},"skip":true},"40":{"start":{"line":129,"column":16},"end":{"line":131,"column":17},"skip":true},"41":{"start":{"line":130,"column":20},"end":{"line":130,"column":27},"skip":true},"42":{"start":{"line":133,"column":16},"end":{"line":137,"column":36},"skip":true},"43":{"start":{"line":134,"column":20},"end":{"line":136,"column":55},"skip":true},"44":{"start":{"line":139,"column":16},"end":{"line":139,"column":57},"skip":true},"45":{"start":{"line":143,"column":8},"end":{"line":147,"column":11},"skip":true},"46":{"start":{"line":144,"column":12},"end":{"line":146,"column":15},"skip":true},"47":{"start":{"line":145,"column":16},"end":{"line":145,"column":70},"skip":true},"48":{"start":{"line":149,"column":8},"end":{"line":149,"column":31},"skip":true},"49":{"start":{"line":150,"column":8},"end":{"line":150,"column":14},"skip":true},"50":{"start":{"line":158,"column":8},"end":{"line":158,"column":31},"skip":true},"51":{"start":{"line":160,"column":8},"end":{"line":160,"column":33},"skip":true},"52":{"start":{"line":161,"column":8},"end":{"line":161,"column":37},"skip":true},"53":{"start":{"line":162,"column":8},"end":{"line":162,"column":35},"skip":true},"54":{"start":{"line":164,"column":8},"end":{"line":164,"column":50},"skip":true},"55":{"start":{"line":166,"column":8},"end":{"line":256,"column":2},"skip":true},"56":{"start":{"line":258,"column":8},"end":{"line":286,"column":9},"skip":true},"57":{"start":{"line":259,"column":12},"end":{"line":269,"column":14},"skip":true},"58":{"start":{"line":271,"column":12},"end":{"line":285,"column":19},"skip":true},"59":{"start":{"line":274,"column":20},"end":{"line":274,"column":35},"skip":true},"60":{"start":{"line":275,"column":20},"end":{"line":284,"column":21},"skip":true},"61":{"start":{"line":277,"column":24},"end":{"line":277,"column":64},"skip":true},"62":{"start":{"line":279,"column":24},"end":{"line":279,"column":40},"skip":true},"63":{"start":{"line":281,"column":24},"end":{"line":281,"column":40},"skip":true},"64":{"start":{"line":283,"column":24},"end":{"line":283,"column":39},"skip":true},"65":{"start":{"line":288,"column":8},"end":{"line":290,"column":9},"skip":true},"66":{"start":{"line":289,"column":12},"end":{"line":289,"column":18},"skip":true},"67":{"start":{"line":291,"column":8},"end":{"line":293,"column":54},"skip":true},"68":{"start":{"line":296,"column":8},"end":{"line":301,"column":37},"skip":true},"69":{"start":{"line":303,"column":8},"end":{"line":303,"column":82},"skip":true},"70":{"start":{"line":306,"column":8},"end":{"line":308,"column":9},"skip":true},"71":{"start":{"line":307,"column":12},"end":{"line":307,"column":82},"skip":true},"72":{"start":{"line":310,"column":8},"end":{"line":312,"column":9},"skip":true},"73":{"start":{"line":311,"column":12},"end":{"line":311,"column":18},"skip":true},"74":{"start":{"line":313,"column":8},"end":{"line":313,"column":54},"skip":true},"75":{"start":{"line":314,"column":8},"end":{"line":314,"column":69},"skip":true},"76":{"start":{"line":315,"column":8},"end":{"line":323,"column":36},"skip":true},"77":{"start":{"line":316,"column":12},"end":{"line":316,"column":61},"skip":true},"78":{"start":{"line":317,"column":12},"end":{"line":320,"column":13},"skip":true},"79":{"start":{"line":318,"column":16},"end":{"line":318,"column":75},"skip":true},"80":{"start":{"line":319,"column":16},"end":{"line":319,"column":23},"skip":true},"81":{"start":{"line":321,"column":12},"end":{"line":321,"column":38},"skip":true},"82":{"start":{"line":322,"column":12},"end":{"line":322,"column":27},"skip":true},"83":{"start":{"line":324,"column":8},"end":{"line":324,"column":14},"skip":true}},"branchMap":{"1":{"line":39,"type":"binary-expr","locations":[{"start":{"line":39,"column":23},"end":{"line":39,"column":62}},{"start":{"line":40,"column":20},"end":{"line":40,"column":70}},{"start":{"line":41,"column":20},"end":{"line":41,"column":71}},{"start":{"line":42,"column":20},"end":{"line":42,"column":29}}]},"2":{"line":44,"type":"binary-expr","locations":[{"start":{"line":44,"column":23},"end":{"line":44,"column":37}},{"start":{"line":45,"column":20},"end":{"line":45,"column":61}},{"start":{"line":46,"column":20},"end":{"line":46,"column":70}},{"start":{"line":47,"column":20},"end":{"line":47,"column":26}}]},"3":{"line":51,"type":"cond-expr","locations":[{"start":{"line":52,"column":14},"end":{"line":52,"column":20}},{"start":{"line":53,"column":14},"end":{"line":53,"column":20}}]},"4":{"line":55,"type":"binary-expr","locations":[{"start":{"line":55,"column":16},"end":{"line":55,"column":44}},{"start":{"line":55,"column":49},"end":{"line":57,"column":43}}]},"5":{"line":55,"type":"cond-expr","locations":[{"start":{"line":56,"column":14},"end":{"line":56,"column":67}},{"start":{"line":57,"column":14},"end":{"line":57,"column":43}}]},"6":{"line":61,"type":"switch","locations":[{"start":{"line":68,"column":4},"end":{"line":150,"column":14},"skip":true},{"start":{"line":156,"column":4},"end":{"line":324,"column":14},"skip":true}]},"7":{"line":70,"type":"if","locations":[{"start":{"line":70,"column":12},"end":{"line":70,"column":12},"skip":true},{"start":{"line":70,"column":12},"end":{"line":70,"column":12},"skip":true}]},"8":{"line":70,"type":"binary-expr","locations":[{"start":{"line":70,"column":16},"end":{"line":70,"column":22},"skip":true},{"start":{"line":70,"column":27},"end":{"line":70,"column":32},"skip":true},{"start":{"line":71,"column":20},"end":{"line":71,"column":39},"skip":true},{"start":{"line":72,"column":20},"end":{"line":72,"column":49},"skip":true},{"start":{"line":73,"column":20},"end":{"line":73,"column":58},"skip":true},{"start":{"line":74,"column":20},"end":{"line":74,"column":69},"skip":true}]},"9":{"line":79,"type":"switch","locations":[{"start":{"line":80,"column":20},"end":{"line":80,"column":33},"skip":true},{"start":{"line":81,"column":20},"end":{"line":83,"column":30},"skip":true},{"start":{"line":84,"column":20},"end":{"line":85,"column":49},"skip":true}]},"10":{"line":89,"type":"switch","locations":[{"start":{"line":90,"column":12},"end":{"line":103,"column":22},"skip":true},{"start":{"line":105,"column":12},"end":{"line":106,"column":22},"skip":true}]},"11":{"line":89,"type":"binary-expr","locations":[{"start":{"line":89,"column":20},"end":{"line":89,"column":25},"skip":true},{"start":{"line":89,"column":29},"end":{"line":89,"column":48},"skip":true},{"start":{"line":89,"column":52},"end":{"line":89,"column":74},"skip":true}]},"12":{"line":92,"type":"if","locations":[{"start":{"line":92,"column":16},"end":{"line":92,"column":16},"skip":true},{"start":{"line":92,"column":16},"end":{"line":92,"column":16},"skip":true}]},"13":{"line":108,"type":"if","locations":[{"start":{"line":108,"column":12},"end":{"line":108,"column":12},"skip":true},{"start":{"line":108,"column":12},"end":{"line":108,"column":12},"skip":true}]},"14":{"line":108,"type":"binary-expr","locations":[{"start":{"line":108,"column":16},"end":{"line":108,"column":61},"skip":true},{"start":{"line":108,"column":66},"end":{"line":108,"column":72},"skip":true},{"start":{"line":108,"column":77},"end":{"line":108,"column":82},"skip":true},{"start":{"line":109,"column":20},"end":{"line":109,"column":39},"skip":true},{"start":{"line":110,"column":20},"end":{"line":110,"column":49},"skip":true},{"start":{"line":111,"column":20},"end":{"line":111,"column":58},"skip":true},{"start":{"line":112,"column":20},"end":{"line":112,"column":68},"skip":true}]},"15":{"line":129,"type":"if","locations":[{"start":{"line":129,"column":16},"end":{"line":129,"column":16},"skip":true},{"start":{"line":129,"column":16},"end":{"line":129,"column":16},"skip":true}]},"16":{"line":134,"type":"cond-expr","locations":[{"start":{"line":135,"column":26},"end":{"line":135,"column":29},"skip":true},{"start":{"line":136,"column":26},"end":{"line":136,"column":54},"skip":true}]},"17":{"line":164,"type":"binary-expr","locations":[{"start":{"line":164,"column":27},"end":{"line":164,"column":43},"skip":true},{"start":{"line":164,"column":47},"end":{"line":164,"column":49},"skip":true}]},"18":{"line":258,"type":"if","locations":[{"start":{"line":258,"column":8},"end":{"line":258,"column":8},"skip":true},{"start":{"line":258,"column":8},"end":{"line":258,"column":8},"skip":true}]},"19":{"line":275,"type":"switch","locations":[{"start":{"line":276,"column":20},"end":{"line":277,"column":64},"skip":true},{"start":{"line":278,"column":20},"end":{"line":279,"column":40},"skip":true},{"start":{"line":280,"column":20},"end":{"line":281,"column":40},"skip":true},{"start":{"line":282,"column":20},"end":{"line":283,"column":39},"skip":true}]},"20":{"line":288,"type":"if","locations":[{"start":{"line":288,"column":8},"end":{"line":288,"column":8},"skip":true},{"start":{"line":288,"column":8},"end":{"line":288,"column":8},"skip":true}]},"21":{"line":288,"type":"binary-expr","locations":[{"start":{"line":288,"column":12},"end":{"line":288,"column":40},"skip":true},{"start":{"line":288,"column":44},"end":{"line":288,"column":67},"skip":true}]},"22":{"line":292,"type":"binary-expr","locations":[{"start":{"line":292,"column":12},"end":{"line":292,"column":50},"skip":true},{"start":{"line":293,"column":12},"end":{"line":293,"column":53},"skip":true}]},"23":{"line":297,"type":"binary-expr","locations":[{"start":{"line":297,"column":12},"end":{"line":297,"column":81},"skip":true},{"start":{"line":298,"column":12},"end":{"line":301,"column":36},"skip":true}]},"24":{"line":303,"type":"binary-expr","locations":[{"start":{"line":303,"column":43},"end":{"line":303,"column":75},"skip":true},{"start":{"line":303,"column":79},"end":{"line":303,"column":81},"skip":true}]},"25":{"line":306,"type":"if","locations":[{"start":{"line":306,"column":8},"end":{"line":306,"column":8},"skip":true},{"start":{"line":306,"column":8},"end":{"line":306,"column":8},"skip":true}]},"26":{"line":310,"type":"if","locations":[{"start":{"line":310,"column":8},"end":{"line":310,"column":8},"skip":true},{"start":{"line":310,"column":8},"end":{"line":310,"column":8},"skip":true}]},"27":{"line":313,"type":"binary-expr","locations":[{"start":{"line":313,"column":27},"end":{"line":313,"column":43},"skip":true},{"start":{"line":313,"column":47},"end":{"line":313,"column":53},"skip":true}]},"28":{"line":317,"type":"if","locations":[{"start":{"line":317,"column":12},"end":{"line":317,"column":12},"skip":true},{"start":{"line":317,"column":12},"end":{"line":317,"column":12},"skip":true}]}},"code":["/*","example.js","","quickstart example","","instruction","    1. save this script as example.js","    2. run the shell command:","        $ npm install npmtest-electron-window-manager && PORT=8081 node example.js","    3. play with the browser-demo on http://127.0.0.1:8081","*/","","","","/* istanbul instrument in package npmtest_electron_window_manager */","/*jslint","    bitwise: true,","    browser: true,","    maxerr: 8,","    maxlen: 96,","    node: true,","    nomen: true,","    regexp: true,","    stupid: true","*/","(function () {","    'use strict';","    var local;","","","","    // run shared js-env code - init-before","    (function () {","        // init local","        local = {};","        // init modeJs","        local.modeJs = (function () {","            try {","                return typeof navigator.userAgent === 'string' &&","                    typeof document.querySelector('body') === 'object' &&","                    typeof XMLHttpRequest.prototype.open === 'function' &&","                    'browser';","            } catch (errorCaughtBrowser) {","                return module.exports &&","                    typeof process.versions.node === 'string' &&","                    typeof require('http').createServer === 'function' &&","                    'node';","            }","        }());","        // init global","        local.global = local.modeJs === 'browser'","            ? window","            : global;","        // init utility2_rollup","        local = local.global.utility2_rollup || (local.modeJs === 'browser'","            ? local.global.utility2_npmtest_electron_window_manager","            : global.utility2_moduleExports);","        // export local","        local.global.local = local;","    }());","    switch (local.modeJs) {","","","","    // init-after","    // run browser js-env code - init-after","    /* istanbul ignore next */","    case 'browser':","        local.testRunBrowser = function (event) {","            if (!event || (event &&","                    event.currentTarget &&","                    event.currentTarget.className &&","                    event.currentTarget.className.includes &&","                    event.currentTarget.className.includes('onreset'))) {","                // reset output","                Array.from(","                    document.querySelectorAll('body > .resettable')","                ).forEach(function (element) {","                    switch (element.tagName) {","                    case 'INPUT':","                    case 'TEXTAREA':","                        element.value = '';","                        break;","                    default:","                        element.textContent = '';","                    }","                });","            }","            switch (event && event.currentTarget && event.currentTarget.id) {","            case 'testRunButton1':","                // show tests","                if (document.querySelector('#testReportDiv1').style.display === 'none') {","                    document.querySelector('#testReportDiv1').style.display = 'block';","                    document.querySelector('#testRunButton1').textContent =","                        'hide internal test';","                    local.modeTest = true;","                    local.testRunDefault(local);","                // hide tests","                } else {","                    document.querySelector('#testReportDiv1').style.display = 'none';","                    document.querySelector('#testRunButton1').textContent = 'run internal test';","                }","                break;","            // custom-case","            default:","                break;","            }","            if (document.querySelector('#inputTextareaEval1') && (!event || (event &&","                    event.currentTarget &&","                    event.currentTarget.className &&","                    event.currentTarget.className.includes &&","                    event.currentTarget.className.includes('oneval')))) {","                // try to eval input-code","                try {","                    /*jslint evil: true*/","                    eval(document.querySelector('#inputTextareaEval1').value);","                } catch (errorCaught) {","                    console.error(errorCaught);","                }","            }","        };","        // log stderr and stdout to #outputTextareaStdout1","        ['error', 'log'].forEach(function (key) {","            console[key + '_original'] = console[key];","            console[key] = function () {","                var element;","                console[key + '_original'].apply(console, arguments);","                element = document.querySelector('#outputTextareaStdout1');","                if (!element) {","                    return;","                }","                // append text to #outputTextareaStdout1","                element.value += Array.from(arguments).map(function (arg) {","                    return typeof arg === 'string'","                        ? arg","                        : JSON.stringify(arg, null, 4);","                }).join(' ') + '\\n';","                // scroll textarea to bottom","                element.scrollTop = element.scrollHeight;","            };","        });","        // init event-handling","        ['change', 'click', 'keyup'].forEach(function (event) {","            Array.from(document.querySelectorAll('.on' + event)).forEach(function (element) {","                element.addEventListener(event, local.testRunBrowser);","            });","        });","        // run tests","        local.testRunBrowser();","        break;","","","","    // run node js-env code - init-after","    /* istanbul ignore next */","    case 'node':","        // export local","        module.exports = local;","        // require modules","        local.fs = require('fs');","        local.http = require('http');","        local.url = require('url');","        // init assets","        local.assetsDict = local.assetsDict || {};","        /* jslint-ignore-begin */","        local.assetsDict['/assets.index.template.html'] = '\\","<!doctype html>\\n\\","<html lang=\"en\">\\n\\","<head>\\n\\","<meta charset=\"UTF-8\">\\n\\","<meta name=\"viewport\" content=\"width=device-width, initial-scale=1\">\\n\\","<title>{{env.npm_package_name}} (v{{env.npm_package_version}})</title>\\n\\","<style>\\n\\","/*csslint\\n\\","    box-sizing: false,\\n\\","    universal-selector: false\\n\\","*/\\n\\","* {\\n\\","    box-sizing: border-box;\\n\\","}\\n\\","body {\\n\\","    background: #dde;\\n\\","    font-family: Arial, Helvetica, sans-serif;\\n\\","    margin: 2rem;\\n\\","}\\n\\","body > * {\\n\\","    margin-bottom: 1rem;\\n\\","}\\n\\",".utility2FooterDiv {\\n\\","    margin-top: 20px;\\n\\","    text-align: center;\\n\\","}\\n\\","</style>\\n\\","<style>\\n\\","/*csslint\\n\\","*/\\n\\","textarea {\\n\\","    font-family: monospace;\\n\\","    height: 10rem;\\n\\","    width: 100%;\\n\\","}\\n\\","textarea[readonly] {\\n\\","    background: #ddd;\\n\\","}\\n\\","</style>\\n\\","</head>\\n\\","<body>\\n\\","<!-- utility2-comment\\n\\","<div id=\"ajaxProgressDiv1\" style=\"background: #d00; height: 2px; left: 0; margin: 0; padding: 0; position: fixed; top: 0; transition: background 0.5s, width 1.5s; width: 25%;\"></div>\\n\\","utility2-comment -->\\n\\","<h1>\\n\\","<!-- utility2-comment\\n\\","    <a\\n\\","        {{#if env.npm_package_homepage}}\\n\\","        href=\"{{env.npm_package_homepage}}\"\\n\\","        {{/if env.npm_package_homepage}}\\n\\","        target=\"_blank\"\\n\\","    >\\n\\","utility2-comment -->\\n\\","        {{env.npm_package_name}} (v{{env.npm_package_version}})\\n\\","<!-- utility2-comment\\n\\","    </a>\\n\\","utility2-comment -->\\n\\","</h1>\\n\\","<h3>{{env.npm_package_description}}</h3>\\n\\","<!-- utility2-comment\\n\\","<h4><a download href=\"assets.app.js\">download standalone app</a></h4>\\n\\","<button class=\"onclick onreset\" id=\"testRunButton1\">run internal test</button><br>\\n\\","<div id=\"testReportDiv1\" style=\"display: none;\"></div>\\n\\","utility2-comment -->\\n\\","\\n\\","\\n\\","\\n\\","<label>stderr and stdout</label>\\n\\","<textarea class=\"resettable\" id=\"outputTextareaStdout1\" readonly></textarea>\\n\\","<!-- utility2-comment\\n\\","{{#if isRollup}}\\n\\","<script src=\"assets.app.js\"></script>\\n\\","{{#unless isRollup}}\\n\\","utility2-comment -->\\n\\","<script src=\"assets.utility2.rollup.js\"></script>\\n\\","<script src=\"jsonp.utility2._stateInit?callback=window.utility2._stateInit\"></script>\\n\\","<script src=\"assets.npmtest_electron_window_manager.rollup.js\"></script>\\n\\","<script src=\"assets.example.js\"></script>\\n\\","<script src=\"assets.test.js\"></script>\\n\\","<!-- utility2-comment\\n\\","{{/if isRollup}}\\n\\","utility2-comment -->\\n\\","<div class=\"utility2FooterDiv\">\\n\\","    [ this app was created with\\n\\","    <a href=\"https://github.com/kaizhu256/node-utility2\" target=\"_blank\">utility2</a>\\n\\","    ]\\n\\","</div>\\n\\","</body>\\n\\","</html>\\n\\","';","        /* jslint-ignore-end */","        if (local.templateRender) {","            local.assetsDict['/'] = local.templateRender(","                local.assetsDict['/assets.index.template.html'],","                {","                    env: local.objectSetDefault(local.env, {","                        npm_package_description: 'the greatest app in the world!',","                        npm_package_name: 'my-app',","                        npm_package_nameAlias: 'my_app',","                        npm_package_version: '0.0.1'","                    })","                }","            );","        } else {","            local.assetsDict['/'] = local.assetsDict['/assets.index.template.html']","                .replace((/\\{\\{env\\.(\\w+?)\\}\\}/g), function (match0, match1) {","                    // jslint-hack","                    String(match0);","                    switch (match1) {","                    case 'npm_package_description':","                        return 'the greatest app in the world!';","                    case 'npm_package_name':","                        return 'my-app';","                    case 'npm_package_nameAlias':","                        return 'my_app';","                    case 'npm_package_version':","                        return '0.0.1';","                    }","                });","        }","        // run the cli","        if (local.global.utility2_rollup || module !== require.main) {","            break;","        }","        local.assetsDict['/assets.example.js'] =","            local.assetsDict['/assets.example.js'] ||","            local.fs.readFileSync(__filename, 'utf8');","        // bug-workaround - long $npm_package_buildCustomOrg","        /* jslint-ignore-begin */","        local.assetsDict['/assets.npmtest_electron_window_manager.rollup.js'] =","            local.assetsDict['/assets.npmtest_electron_window_manager.rollup.js'] ||","            local.fs.readFileSync(","                local.npmtest_electron_window_manager.__dirname + '/lib.npmtest_electron_window_manager.js',","                'utf8'","            ).replace((/^#!/), '//');","        /* jslint-ignore-end */","        local.assetsDict['/favicon.ico'] = local.assetsDict['/favicon.ico'] || '';","        // if $npm_config_timeout_exit exists,","        // then exit this process after $npm_config_timeout_exit ms","        if (Number(process.env.npm_config_timeout_exit)) {","            setTimeout(process.exit, Number(process.env.npm_config_timeout_exit));","        }","        // start server","        if (local.global.utility2_serverHttp1) {","            break;","        }","        process.env.PORT = process.env.PORT || '8081';","        console.error('server starting on port ' + process.env.PORT);","        local.http.createServer(function (request, response) {","            request.urlParsed = local.url.parse(request.url);","            if (local.assetsDict[request.urlParsed.pathname] !== undefined) {","                response.end(local.assetsDict[request.urlParsed.pathname]);","                return;","            }","            response.statusCode = 404;","            response.end();","        }).listen(process.env.PORT);","        break;","    }","}());",""],"l":{"26":2,"28":2,"33":2,"35":2,"37":2,"38":2,"39":2,"44":1,"51":2,"55":2,"59":2,"61":2,"69":1,"70":2,"76":2,"79":2,"82":2,"83":2,"85":1,"89":2,"92":1,"93":1,"94":1,"96":1,"97":1,"100":1,"101":1,"103":1,"106":1,"108":2,"114":1,"116":1,"118":1,"123":1,"124":2,"125":2,"126":3,"127":3,"128":3,"129":3,"130":1,"133":3,"134":3,"139":3,"143":1,"144":3,"145":1,"149":1,"150":1,"158":1,"160":1,"161":1,"162":1,"164":1,"166":1,"258":1,"259":1,"271":1,"274":6,"275":6,"277":1,"279":2,"281":1,"283":2,"288":1,"289":1,"291":1,"296":1,"303":1,"306":1,"307":1,"310":1,"311":1,"313":1,"314":1,"315":1,"316":1,"317":1,"318":1,"319":1,"321":1,"322":1,"324":1}},"/home/travis/build/npmtest/node-npmtest-electron-window-manager/node_modules/electron-window-manager/index.js":{"path":"/home/travis/build/npmtest/node-npmtest-electron-window-manager/node_modules/electron-window-manager/index.js","s":{"1":2,"2":0,"3":0,"4":0,"5":0,"6":0,"7":0,"8":0,"9":0,"10":0,"11":0,"12":0,"13":0,"14":0,"15":0,"16":0,"17":0,"18":0,"19":0,"20":0,"21":0,"22":0,"23":0,"24":0,"25":0,"26":0,"27":0,"28":0,"29":0,"30":0,"31":0,"32":0,"33":0,"34":0,"35":0,"36":0,"37":0,"38":0,"39":0,"40":0,"41":0,"42":0,"43":0,"44":0,"45":0,"46":0,"47":0,"48":0,"49":0,"50":0,"51":0,"52":0,"53":0,"54":0,"55":0,"56":0,"57":0,"58":0,"59":0,"60":0,"61":0,"62":0,"63":0,"64":0,"65":0,"66":0,"67":0,"68":0,"69":0,"70":0,"71":0,"72":0,"73":0,"74":0,"75":0,"76":0,"77":0,"78":0,"79":0,"80":0,"81":0,"82":0,"83":0,"84":0,"85":0,"86":0,"87":0,"88":0,"89":0,"90":0,"91":0,"92":0,"93":0,"94":0,"95":0,"96":0,"97":0,"98":0,"99":0,"100":0,"101":0,"102":0,"103":0,"104":0,"105":0,"106":0,"107":0,"108":0,"109":0,"110":0,"111":0,"112":0,"113":0,"114":0,"115":0,"116":0,"117":0,"118":0,"119":0,"120":0,"121":0,"122":0,"123":0,"124":0,"125":0,"126":0,"127":0,"128":0,"129":0,"130":0,"131":0,"132":0,"133":0,"134":0,"135":0,"136":0,"137":0,"138":0,"139":0,"140":0,"141":0,"142":0,"143":0,"144":0,"145":0,"146":0,"147":0,"148":0,"149":0,"150":0,"151":0,"152":0,"153":0,"154":0,"155":0,"156":0,"157":0,"158":0,"159":0,"160":0,"161":0,"162":0,"163":0,"164":0,"165":0,"166":0,"167":0,"168":0,"169":0,"170":0,"171":0,"172":0,"173":0,"174":0,"175":0,"176":0,"177":0,"178":0,"179":0,"180":0,"181":0,"182":0,"183":0,"184":0,"185":0,"186":0,"187":0,"188":0,"189":0,"190":0,"191":0,"192":0,"193":0,"194":0,"195":0,"196":0,"197":0,"198":0,"199":0,"200":0,"201":0,"202":0,"203":0,"204":0,"205":0,"206":0,"207":0,"208":0,"209":0,"210":0,"211":0,"212":0,"213":0,"214":0,"215":0,"216":0,"217":0,"218":0,"219":0,"220":0,"221":0,"222":0,"223":0,"224":0,"225":0,"226":0,"227":0,"228":0,"229":0,"230":0,"231":0,"232":0,"233":0,"234":0,"235":0,"236":0,"237":0,"238":0,"239":0,"240":0,"241":0,"242":0,"243":0,"244":0,"245":0,"246":0,"247":0,"248":0,"249":0,"250":0,"251":0,"252":0,"253":0,"254":0,"255":0,"256":0,"257":0,"258":0,"259":0,"260":0,"261":0,"262":0,"263":0,"264":0,"265":0,"266":0,"267":0,"268":0,"269":0,"270":0,"271":0,"272":0,"273":0,"274":0,"275":0,"276":0,"277":0,"278":0,"279":0,"280":0,"281":0,"282":0,"283":0,"284":0,"285":0,"286":0,"287":0,"288":0,"289":0,"290":0,"291":0,"292":0,"293":0,"294":0,"295":0,"296":0,"297":0,"298":0,"299":0,"300":0,"301":0,"302":0,"303":0,"304":0,"305":0,"306":0,"307":0,"308":0,"309":0,"310":0,"311":0,"312":0,"313":0,"314":0,"315":0,"316":0,"317":0,"318":0,"319":0,"320":0,"321":0,"322":0,"323":0,"324":0,"325":0,"326":0,"327":0,"328":0,"329":0,"330":0,"331":0,"332":0,"333":0,"334":0,"335":0,"336":0,"337":0,"338":0,"339":0,"340":0,"341":0,"342":0,"343":0,"344":0,"345":0,"346":0,"347":0,"348":0},"b":{"1":[0,0],"2":[0,0],"3":[0,0],"4":[0,0],"5":[0,0],"6":[0,0],"7":[0,0],"8":[0,0],"9":[0,0],"10":[0,0],"11":[0,0],"12":[0,0],"13":[0,0],"14":[0,0],"15":[0,0],"16":[0,0],"17":[0,0],"18":[0,0],"19":[0,0,0],"20":[0,0],"21":[0,0],"22":[0,0],"23":[0,0],"24":[0,0],"25":[0,0],"26":[0,0],"27":[0,0],"28":[0,0],"29":[0,0],"30":[0,0],"31":[0,0],"32":[0,0],"33":[0,0],"34":[0,0],"35":[0,0],"36":[0,0],"37":[0,0],"38":[0,0],"39":[0,0],"40":[0,0,0],"41":[0,0],"42":[0,0],"43":[0,0],"44":[0,0],"45":[0,0],"46":[0,0],"47":[0,0],"48":[0,0],"49":[0,0],"50":[0,0],"51":[0,0],"52":[0,0],"53":[0,0],"54":[0,0],"55":[0,0],"56":[0,0],"57":[0,0],"58":[0,0],"59":[0,0],"60":[0,0],"61":[0,0],"62":[0,0],"63":[0,0],"64":[0,0],"65":[0,0,0,0,0,0,0,0,0,0,0,0],"66":[0,0,0,0,0,0,0,0,0,0,0,0],"67":[0,0],"68":[0,0],"69":[0,0],"70":[0,0],"71":[0,0],"72":[0,0],"73":[0,0],"74":[0,0],"75":[0,0],"76":[0,0],"77":[0,0],"78":[0,0],"79":[0,0],"80":[0,0],"81":[0,0],"82":[0,0],"83":[0,0],"84":[0,0],"85":[0,0],"86":[0,0],"87":[0,0],"88":[0,0],"89":[0,0],"90":[0,0],"91":[0,0]},"f":{"1":0,"2":0,"3":0,"4":0,"5":0,"6":0,"7":0,"8":0,"9":0,"10":0,"11":0,"12":0,"13":0,"14":0,"15":0,"16":0,"17":0,"18":0,"19":0,"20":0,"21":0,"22":0,"23":0,"24":0,"25":0,"26":0,"27":0,"28":0,"29":0,"30":0,"31":0,"32":0,"33":0,"34":0,"35":0,"36":0,"37":0,"38":0,"39":0,"40":0,"41":0,"42":0,"43":0,"44":0,"45":0,"46":0,"47":0,"48":0,"49":0,"50":0,"51":0,"52":0,"53":0,"54":0,"55":0,"56":0,"57":0,"58":0,"59":0,"60":0,"61":0,"62":0,"63":0,"64":0,"65":0,"66":0,"67":0,"68":0,"69":0,"70":0,"71":0,"72":0,"73":0,"74":0,"75":0,"76":0,"77":0},"fnMap":{"1":{"name":"(anonymous_1)","line":30,"loc":{"start":{"line":30,"column":17},"end":{"line":30,"column":79}}},"2":{"name":"(anonymous_2)","line":76,"loc":{"start":{"line":76,"column":27},"end":{"line":76,"column":48}}},"3":{"name":"(anonymous_3)","line":89,"loc":{"start":{"line":89,"column":33},"end":{"line":89,"column":47}}},"4":{"name":"(anonymous_4)","line":97,"loc":{"start":{"line":97,"column":42},"end":{"line":97,"column":56}}},"5":{"name":"(anonymous_5)","line":104,"loc":{"start":{"line":104,"column":30},"end":{"line":104,"column":43}}},"6":{"name":"(anonymous_6)","line":112,"loc":{"start":{"line":112,"column":30},"end":{"line":112,"column":44}}},"7":{"name":"(anonymous_7)","line":177,"loc":{"start":{"line":177,"column":52},"end":{"line":177,"column":62}}},"8":{"name":"(anonymous_8)","line":203,"loc":{"start":{"line":203,"column":33},"end":{"line":203,"column":43}}},"9":{"name":"(anonymous_9)","line":222,"loc":{"start":{"line":222,"column":28},"end":{"line":222,"column":47}}},"10":{"name":"(anonymous_10)","line":241,"loc":{"start":{"line":241,"column":29},"end":{"line":241,"column":39}}},"11":{"name":"(anonymous_11)","line":250,"loc":{"start":{"line":250,"column":31},"end":{"line":250,"column":53}}},"12":{"name":"(anonymous_12)","line":268,"loc":{"start":{"line":268,"column":53},"end":{"line":268,"column":80}}},"13":{"name":"(anonymous_13)","line":279,"loc":{"start":{"line":279,"column":50},"end":{"line":279,"column":74}}},"14":{"name":"(anonymous_14)","line":308,"loc":{"start":{"line":308,"column":28},"end":{"line":308,"column":51}}},"15":{"name":"(anonymous_15)","line":316,"loc":{"start":{"line":316,"column":28},"end":{"line":316,"column":38}}},"16":{"name":"(anonymous_16)","line":330,"loc":{"start":{"line":330,"column":31},"end":{"line":330,"column":41}}},"17":{"name":"(anonymous_17)","line":338,"loc":{"start":{"line":338,"column":30},"end":{"line":338,"column":51}}},"18":{"name":"(anonymous_18)","line":352,"loc":{"start":{"line":352,"column":34},"end":{"line":352,"column":44}}},"19":{"name":"(anonymous_19)","line":362,"loc":{"start":{"line":362,"column":31},"end":{"line":362,"column":66}}},"20":{"name":"(anonymous_20)","line":367,"loc":{"start":{"line":367,"column":33},"end":{"line":367,"column":43}}},"21":{"name":"(anonymous_21)","line":376,"loc":{"start":{"line":376,"column":31},"end":{"line":376,"column":45}}},"22":{"name":"(anonymous_22)","line":383,"loc":{"start":{"line":383,"column":30},"end":{"line":383,"column":40}}},"23":{"name":"(anonymous_23)","line":392,"loc":{"start":{"line":392,"column":29},"end":{"line":392,"column":39}}},"24":{"name":"(anonymous_24)","line":399,"loc":{"start":{"line":399,"column":31},"end":{"line":399,"column":41}}},"25":{"name":"(anonymous_25)","line":408,"loc":{"start":{"line":408,"column":32},"end":{"line":408,"column":42}}},"26":{"name":"(anonymous_26)","line":417,"loc":{"start":{"line":417,"column":32},"end":{"line":417,"column":42}}},"27":{"name":"(anonymous_27)","line":427,"loc":{"start":{"line":427,"column":31},"end":{"line":427,"column":41}}},"28":{"name":"(anonymous_28)","line":436,"loc":{"start":{"line":436,"column":36},"end":{"line":436,"column":46}}},"29":{"name":"(anonymous_29)","line":446,"loc":{"start":{"line":446,"column":38},"end":{"line":446,"column":56}}},"30":{"name":"(anonymous_30)","line":455,"loc":{"start":{"line":455,"column":40},"end":{"line":455,"column":71}}},"31":{"name":"(anonymous_31)","line":458,"loc":{"start":{"line":458,"column":53},"end":{"line":458,"column":63}}},"32":{"name":"(anonymous_32)","line":469,"loc":{"start":{"line":469,"column":28},"end":{"line":469,"column":42}}},"33":{"name":"(anonymous_33)","line":498,"loc":{"start":{"line":498,"column":30},"end":{"line":498,"column":52}}},"34":{"name":"(anonymous_34)","line":521,"loc":{"start":{"line":521,"column":15},"end":{"line":521,"column":36}}},"35":{"name":"(anonymous_35)","line":530,"loc":{"start":{"line":530,"column":15},"end":{"line":530,"column":29}}},"36":{"name":"(anonymous_36)","line":539,"loc":{"start":{"line":539,"column":18},"end":{"line":539,"column":39}}},"37":{"name":"(anonymous_37)","line":550,"loc":{"start":{"line":550,"column":23},"end":{"line":550,"column":43}}},"38":{"name":"(anonymous_38)","line":562,"loc":{"start":{"line":562,"column":27},"end":{"line":562,"column":37}}},"39":{"name":"(anonymous_39)","line":570,"loc":{"start":{"line":570,"column":20},"end":{"line":570,"column":33}}},"40":{"name":"(anonymous_40)","line":583,"loc":{"start":{"line":583,"column":27},"end":{"line":583,"column":42}}},"41":{"name":"(anonymous_41)","line":720,"loc":{"start":{"line":720,"column":15},"end":{"line":720,"column":35}}},"42":{"name":"(anonymous_42)","line":728,"loc":{"start":{"line":728,"column":15},"end":{"line":728,"column":29}}},"43":{"name":"(anonymous_43)","line":772,"loc":{"start":{"line":772,"column":29},"end":{"line":772,"column":45}}},"44":{"name":"(anonymous_44)","line":786,"loc":{"start":{"line":786,"column":16},"end":{"line":786,"column":32}}},"45":{"name":"(anonymous_45)","line":802,"loc":{"start":{"line":802,"column":44},"end":{"line":802,"column":64}}},"46":{"name":"(anonymous_46)","line":810,"loc":{"start":{"line":810,"column":40},"end":{"line":810,"column":50}}},"47":{"name":"(anonymous_47)","line":813,"loc":{"start":{"line":813,"column":56},"end":{"line":813,"column":66}}},"48":{"name":"(anonymous_48)","line":819,"loc":{"start":{"line":819,"column":54},"end":{"line":819,"column":64}}},"49":{"name":"(anonymous_49)","line":839,"loc":{"start":{"line":839,"column":27},"end":{"line":839,"column":42}}},"50":{"name":"(anonymous_50)","line":852,"loc":{"start":{"line":852,"column":22},"end":{"line":852,"column":36}}},"51":{"name":"(anonymous_51)","line":856,"loc":{"start":{"line":856,"column":25},"end":{"line":856,"column":47}}},"52":{"name":"(anonymous_52)","line":864,"loc":{"start":{"line":864,"column":21},"end":{"line":864,"column":83}}},"53":{"name":"(anonymous_53)","line":875,"loc":{"start":{"line":875,"column":16},"end":{"line":875,"column":82}}},"54":{"name":"(anonymous_54)","line":884,"loc":{"start":{"line":884,"column":17},"end":{"line":884,"column":31}}},"55":{"name":"(anonymous_55)","line":894,"loc":{"start":{"line":894,"column":15},"end":{"line":894,"column":29}}},"56":{"name":"(anonymous_56)","line":906,"loc":{"start":{"line":906,"column":17},"end":{"line":906,"column":30}}},"57":{"name":"(anonymous_57)","line":908,"loc":{"start":{"line":908,"column":33},"end":{"line":908,"column":49}}},"58":{"name":"(anonymous_58)","line":919,"loc":{"start":{"line":919,"column":22},"end":{"line":919,"column":32}}},"59":{"name":"(anonymous_59)","line":929,"loc":{"start":{"line":929,"column":17},"end":{"line":929,"column":31}}},"60":{"name":"(anonymous_60)","line":936,"loc":{"start":{"line":936,"column":24},"end":{"line":936,"column":34}}},"61":{"name":"(anonymous_61)","line":944,"loc":{"start":{"line":944,"column":19},"end":{"line":944,"column":33}}},"62":{"name":"(anonymous_62)","line":951,"loc":{"start":{"line":951,"column":20},"end":{"line":951,"column":30}}},"63":{"name":"(anonymous_63)","line":952,"loc":{"start":{"line":952,"column":33},"end":{"line":952,"column":49}}},"64":{"name":"(anonymous_64)","line":960,"loc":{"start":{"line":960,"column":26},"end":{"line":960,"column":40}}},"65":{"name":"(anonymous_65)","line":969,"loc":{"start":{"line":969,"column":28},"end":{"line":969,"column":44}}},"66":{"name":"(anonymous_66)","line":981,"loc":{"start":{"line":981,"column":19},"end":{"line":981,"column":33}}},"67":{"name":"(anonymous_67)","line":988,"loc":{"start":{"line":988,"column":20},"end":{"line":988,"column":34}}},"68":{"name":"(anonymous_68)","line":996,"loc":{"start":{"line":996,"column":20},"end":{"line":996,"column":34}}},"69":{"name":"(anonymous_69)","line":1004,"loc":{"start":{"line":1004,"column":19},"end":{"line":1004,"column":33}}},"70":{"name":"(anonymous_70)","line":1012,"loc":{"start":{"line":1012,"column":25},"end":{"line":1012,"column":62}}},"71":{"name":"(anonymous_71)","line":1033,"loc":{"start":{"line":1033,"column":19},"end":{"line":1033,"column":39}}},"72":{"name":"(anonymous_72)","line":1042,"loc":{"start":{"line":1042,"column":21},"end":{"line":1042,"column":44}}},"73":{"name":"(anonymous_73)","line":1049,"loc":{"start":{"line":1049,"column":21},"end":{"line":1049,"column":45}}},"74":{"name":"(anonymous_74)","line":1066,"loc":{"start":{"line":1066,"column":18},"end":{"line":1066,"column":43}}},"75":{"name":"(anonymous_75)","line":1069,"loc":{"start":{"line":1069,"column":62},"end":{"line":1069,"column":77}}},"76":{"name":"(anonymous_76)","line":1083,"loc":{"start":{"line":1083,"column":30},"end":{"line":1083,"column":55}}},"77":{"name":"(anonymous_77)","line":1093,"loc":{"start":{"line":1093,"column":20},"end":{"line":1093,"column":49}}}},"statementMap":{"1":{"start":{"line":11,"column":4},"end":{"line":11,"column":41}},"2":{"start":{"line":12,"column":4},"end":{"line":12,"column":37}},"3":{"start":{"line":13,"column":4},"end":{"line":13,"column":49}},"4":{"start":{"line":14,"column":4},"end":{"line":14,"column":62}},"5":{"start":{"line":15,"column":4},"end":{"line":15,"column":37}},"6":{"start":{"line":16,"column":4},"end":{"line":16,"column":47}},"7":{"start":{"line":17,"column":4},"end":{"line":17,"column":56}},"8":{"start":{"line":18,"column":4},"end":{"line":18,"column":36}},"9":{"start":{"line":30,"column":4},"end":{"line":71,"column":6}},"10":{"start":{"line":32,"column":8},"end":{"line":38,"column":9}},"11":{"start":{"line":33,"column":12},"end":{"line":33,"column":63}},"12":{"start":{"line":36,"column":12},"end":{"line":36,"column":40}},"13":{"start":{"line":37,"column":12},"end":{"line":37,"column":19}},"14":{"start":{"line":41,"column":8},"end":{"line":41,"column":89}},"15":{"start":{"line":44,"column":8},"end":{"line":44,"column":27}},"16":{"start":{"line":46,"column":8},"end":{"line":49,"column":10}},"17":{"start":{"line":51,"column":8},"end":{"line":51,"column":43}},"18":{"start":{"line":51,"column":18},"end":{"line":51,"column":43}},"19":{"start":{"line":52,"column":8},"end":{"line":52,"column":37}},"20":{"start":{"line":52,"column":16},"end":{"line":52,"column":37}},"21":{"start":{"line":53,"column":8},"end":{"line":53,"column":64}},"22":{"start":{"line":53,"column":25},"end":{"line":53,"column":64}},"23":{"start":{"line":56,"column":8},"end":{"line":62,"column":9}},"24":{"start":{"line":57,"column":12},"end":{"line":57,"column":46}},"25":{"start":{"line":58,"column":12},"end":{"line":61,"column":14}},"26":{"start":{"line":65,"column":8},"end":{"line":67,"column":9}},"27":{"start":{"line":66,"column":12},"end":{"line":66,"column":53}},"28":{"start":{"line":70,"column":8},"end":{"line":70,"column":48}},"29":{"start":{"line":76,"column":4},"end":{"line":83,"column":6}},"30":{"start":{"line":77,"column":8},"end":{"line":82,"column":9}},"31":{"start":{"line":78,"column":12},"end":{"line":78,"column":37}},"32":{"start":{"line":80,"column":14},"end":{"line":82,"column":9}},"33":{"start":{"line":81,"column":12},"end":{"line":81,"column":52}},"34":{"start":{"line":89,"column":4},"end":{"line":92,"column":6}},"35":{"start":{"line":91,"column":8},"end":{"line":91,"column":33}},"36":{"start":{"line":97,"column":4},"end":{"line":99,"column":6}},"37":{"start":{"line":98,"column":8},"end":{"line":98,"column":40}},"38":{"start":{"line":104,"column":4},"end":{"line":106,"column":6}},"39":{"start":{"line":105,"column":8},"end":{"line":105,"column":29}},"40":{"start":{"line":112,"column":4},"end":{"line":215,"column":6}},"41":{"start":{"line":113,"column":8},"end":{"line":113,"column":28}},"42":{"start":{"line":115,"column":8},"end":{"line":117,"column":9}},"43":{"start":{"line":116,"column":12},"end":{"line":116,"column":33}},"44":{"start":{"line":120,"column":8},"end":{"line":120,"column":42}},"45":{"start":{"line":123,"column":8},"end":{"line":123,"column":79}},"46":{"start":{"line":124,"column":8},"end":{"line":135,"column":9}},"47":{"start":{"line":126,"column":12},"end":{"line":126,"column":47}},"48":{"start":{"line":129,"column":12},"end":{"line":134,"column":13}},"49":{"start":{"line":130,"column":16},"end":{"line":130,"column":60}},"50":{"start":{"line":133,"column":16},"end":{"line":133,"column":84}},"51":{"start":{"line":139,"column":12},"end":{"line":141,"column":13}},"52":{"start":{"line":140,"column":16},"end":{"line":140,"column":61}},"53":{"start":{"line":143,"column":12},"end":{"line":145,"column":13}},"54":{"start":{"line":144,"column":16},"end":{"line":144,"column":80}},"55":{"start":{"line":149,"column":8},"end":{"line":163,"column":9}},"56":{"start":{"line":151,"column":12},"end":{"line":162,"column":13}},"57":{"start":{"line":152,"column":16},"end":{"line":152,"column":54}},"58":{"start":{"line":153,"column":16},"end":{"line":153,"column":54}},"59":{"start":{"line":157,"column":16},"end":{"line":157,"column":59}},"60":{"start":{"line":158,"column":16},"end":{"line":161,"column":17}},"61":{"start":{"line":159,"column":20},"end":{"line":159,"column":41}},"62":{"start":{"line":160,"column":20},"end":{"line":160,"column":41}},"63":{"start":{"line":166,"column":8},"end":{"line":166,"column":63}},"64":{"start":{"line":166,"column":34},"end":{"line":166,"column":63}},"65":{"start":{"line":167,"column":8},"end":{"line":167,"column":72}},"66":{"start":{"line":167,"column":39},"end":{"line":167,"column":72}},"67":{"start":{"line":168,"column":8},"end":{"line":168,"column":68}},"68":{"start":{"line":168,"column":43},"end":{"line":168,"column":68}},"69":{"start":{"line":171,"column":8},"end":{"line":171,"column":52}},"70":{"start":{"line":174,"column":8},"end":{"line":174,"column":62}},"71":{"start":{"line":177,"column":8},"end":{"line":179,"column":11}},"72":{"start":{"line":178,"column":12},"end":{"line":178,"column":28}},"73":{"start":{"line":182,"column":8},"end":{"line":182,"column":45}},"74":{"start":{"line":183,"column":8},"end":{"line":183,"column":62}},"75":{"start":{"line":183,"column":30},"end":{"line":183,"column":62}},"76":{"start":{"line":184,"column":8},"end":{"line":184,"column":65}},"77":{"start":{"line":184,"column":31},"end":{"line":184,"column":65}},"78":{"start":{"line":187,"column":8},"end":{"line":189,"column":9}},"79":{"start":{"line":188,"column":12},"end":{"line":188,"column":41}},"80":{"start":{"line":192,"column":8},"end":{"line":194,"column":9}},"81":{"start":{"line":193,"column":12},"end":{"line":193,"column":49}},"82":{"start":{"line":197,"column":8},"end":{"line":200,"column":9}},"83":{"start":{"line":199,"column":12},"end":{"line":199,"column":41}},"84":{"start":{"line":203,"column":8},"end":{"line":212,"column":11}},"85":{"start":{"line":204,"column":12},"end":{"line":204,"column":69}},"86":{"start":{"line":207,"column":12},"end":{"line":207,"column":56}},"87":{"start":{"line":210,"column":12},"end":{"line":210,"column":35}},"88":{"start":{"line":211,"column":12},"end":{"line":211,"column":28}},"89":{"start":{"line":214,"column":2},"end":{"line":214,"column":14}},"90":{"start":{"line":222,"column":4},"end":{"line":236,"column":6}},"91":{"start":{"line":224,"column":8},"end":{"line":227,"column":9}},"92":{"start":{"line":225,"column":12},"end":{"line":225,"column":25}},"93":{"start":{"line":226,"column":12},"end":{"line":226,"column":25}},"94":{"start":{"line":230,"column":8},"end":{"line":230,"column":25}},"95":{"start":{"line":233,"column":8},"end":{"line":235,"column":9}},"96":{"start":{"line":234,"column":12},"end":{"line":234,"column":31}},"97":{"start":{"line":241,"column":4},"end":{"line":245,"column":6}},"98":{"start":{"line":242,"column":8},"end":{"line":242,"column":28}},"99":{"start":{"line":244,"column":8},"end":{"line":244,"column":20}},"100":{"start":{"line":250,"column":4},"end":{"line":301,"column":6}},"101":{"start":{"line":252,"column":8},"end":{"line":252,"column":52}},"102":{"start":{"line":254,"column":8},"end":{"line":256,"column":82}},"103":{"start":{"line":259,"column":8},"end":{"line":259,"column":45}},"104":{"start":{"line":260,"column":8},"end":{"line":262,"column":9}},"105":{"start":{"line":261,"column":12},"end":{"line":261,"column":69}},"106":{"start":{"line":264,"column":8},"end":{"line":300,"column":9}},"107":{"start":{"line":265,"column":12},"end":{"line":265,"column":45}},"108":{"start":{"line":268,"column":12},"end":{"line":295,"column":15}},"109":{"start":{"line":269,"column":16},"end":{"line":276,"column":17}},"110":{"start":{"line":270,"column":20},"end":{"line":270,"column":81}},"111":{"start":{"line":273,"column":20},"end":{"line":273,"column":36}},"112":{"start":{"line":275,"column":20},"end":{"line":275,"column":33}},"113":{"start":{"line":279,"column":16},"end":{"line":294,"column":19}},"114":{"start":{"line":280,"column":20},"end":{"line":287,"column":21}},"115":{"start":{"line":281,"column":24},"end":{"line":281,"column":81}},"116":{"start":{"line":284,"column":24},"end":{"line":284,"column":40}},"117":{"start":{"line":286,"column":24},"end":{"line":286,"column":37}},"118":{"start":{"line":290,"column":20},"end":{"line":290,"column":73}},"119":{"start":{"line":293,"column":20},"end":{"line":293,"column":52}},"120":{"start":{"line":299,"column":12},"end":{"line":299,"column":53}},"121":{"start":{"line":308,"column":4},"end":{"line":310,"column":6}},"122":{"start":{"line":309,"column":8},"end":{"line":309,"column":66}},"123":{"start":{"line":316,"column":4},"end":{"line":325,"column":6}},"124":{"start":{"line":318,"column":8},"end":{"line":318,"column":34}},"125":{"start":{"line":321,"column":8},"end":{"line":321,"column":86}},"126":{"start":{"line":324,"column":8},"end":{"line":324,"column":34}},"127":{"start":{"line":330,"column":4},"end":{"line":332,"column":6}},"128":{"start":{"line":331,"column":8},"end":{"line":331,"column":39}},"129":{"start":{"line":338,"column":4},"end":{"line":347,"column":6}},"130":{"start":{"line":339,"column":8},"end":{"line":346,"column":9}},"131":{"start":{"line":341,"column":12},"end":{"line":341,"column":49}},"132":{"start":{"line":345,"column":12},"end":{"line":345,"column":36}},"133":{"start":{"line":352,"column":4},"end":{"line":354,"column":6}},"134":{"start":{"line":353,"column":8},"end":{"line":353,"column":39}},"135":{"start":{"line":362,"column":4},"end":{"line":370,"column":6}},"136":{"start":{"line":363,"column":8},"end":{"line":364,"column":79}},"137":{"start":{"line":367,"column":8},"end":{"line":369,"column":11}},"138":{"start":{"line":368,"column":12},"end":{"line":368,"column":62}},"139":{"start":{"line":376,"column":4},"end":{"line":378,"column":6}},"140":{"start":{"line":377,"column":8},"end":{"line":377,"column":47}},"141":{"start":{"line":383,"column":4},"end":{"line":387,"column":6}},"142":{"start":{"line":384,"column":8},"end":{"line":386,"column":9}},"143":{"start":{"line":385,"column":12},"end":{"line":385,"column":36}},"144":{"start":{"line":392,"column":4},"end":{"line":394,"column":6}},"145":{"start":{"line":393,"column":8},"end":{"line":393,"column":28}},"146":{"start":{"line":399,"column":4},"end":{"line":403,"column":6}},"147":{"start":{"line":400,"column":8},"end":{"line":400,"column":30}},"148":{"start":{"line":401,"column":8},"end":{"line":401,"column":20}},"149":{"start":{"line":402,"column":8},"end":{"line":402,"column":64}},"150":{"start":{"line":408,"column":4},"end":{"line":412,"column":6}},"151":{"start":{"line":409,"column":8},"end":{"line":409,"column":31}},"152":{"start":{"line":411,"column":8},"end":{"line":411,"column":20}},"153":{"start":{"line":417,"column":4},"end":{"line":422,"column":6}},"154":{"start":{"line":418,"column":8},"end":{"line":419,"column":36}},"155":{"start":{"line":418,"column":38},"end":{"line":418,"column":60}},"156":{"start":{"line":419,"column":13},"end":{"line":419,"column":36}},"157":{"start":{"line":421,"column":8},"end":{"line":421,"column":20}},"158":{"start":{"line":427,"column":4},"end":{"line":431,"column":6}},"159":{"start":{"line":428,"column":8},"end":{"line":428,"column":30}},"160":{"start":{"line":430,"column":8},"end":{"line":430,"column":20}},"161":{"start":{"line":436,"column":4},"end":{"line":440,"column":6}},"162":{"start":{"line":437,"column":8},"end":{"line":437,"column":40}},"163":{"start":{"line":439,"column":8},"end":{"line":439,"column":20}},"164":{"start":{"line":446,"column":4},"end":{"line":450,"column":6}},"165":{"start":{"line":447,"column":8},"end":{"line":447,"column":66}},"166":{"start":{"line":449,"column":8},"end":{"line":449,"column":20}},"167":{"start":{"line":455,"column":4},"end":{"line":463,"column":6}},"168":{"start":{"line":456,"column":8},"end":{"line":456,"column":28}},"169":{"start":{"line":458,"column":8},"end":{"line":460,"column":11}},"170":{"start":{"line":459,"column":12},"end":{"line":459,"column":42}},"171":{"start":{"line":462,"column":8},"end":{"line":462,"column":20}},"172":{"start":{"line":469,"column":4},"end":{"line":493,"column":6}},"173":{"start":{"line":471,"column":8},"end":{"line":471,"column":45}},"174":{"start":{"line":474,"column":8},"end":{"line":482,"column":9}},"175":{"start":{"line":475,"column":12},"end":{"line":475,"column":36}},"176":{"start":{"line":476,"column":12},"end":{"line":476,"column":55}},"177":{"start":{"line":478,"column":12},"end":{"line":481,"column":13}},"178":{"start":{"line":479,"column":16},"end":{"line":479,"column":26}},"179":{"start":{"line":480,"column":16},"end":{"line":480,"column":25}},"180":{"start":{"line":485,"column":8},"end":{"line":490,"column":11}},"181":{"start":{"line":492,"column":8},"end":{"line":492,"column":20}},"182":{"start":{"line":498,"column":4},"end":{"line":510,"column":6}},"183":{"start":{"line":500,"column":8},"end":{"line":500,"column":45}},"184":{"start":{"line":502,"column":8},"end":{"line":507,"column":11}},"185":{"start":{"line":509,"column":8},"end":{"line":509,"column":20}},"186":{"start":{"line":515,"column":4},"end":{"line":553,"column":6}},"187":{"start":{"line":522,"column":12},"end":{"line":522,"column":72}},"188":{"start":{"line":522,"column":59},"end":{"line":522,"column":72}},"189":{"start":{"line":524,"column":12},"end":{"line":524,"column":41}},"190":{"start":{"line":531,"column":12},"end":{"line":531,"column":49}},"191":{"start":{"line":540,"column":12},"end":{"line":540,"column":73}},"192":{"start":{"line":540,"column":60},"end":{"line":540,"column":73}},"193":{"start":{"line":542,"column":12},"end":{"line":542,"column":67}},"194":{"start":{"line":551,"column":12},"end":{"line":551,"column":40}},"195":{"start":{"line":558,"column":4},"end":{"line":707,"column":6}},"196":{"start":{"line":563,"column":12},"end":{"line":563,"column":50}},"197":{"start":{"line":571,"column":12},"end":{"line":576,"column":13}},"198":{"start":{"line":572,"column":16},"end":{"line":572,"column":58}},"199":{"start":{"line":575,"column":16},"end":{"line":575,"column":78}},"200":{"start":{"line":584,"column":12},"end":{"line":590,"column":44}},"201":{"start":{"line":593,"column":12},"end":{"line":599,"column":13}},"202":{"start":{"line":594,"column":16},"end":{"line":594,"column":91}},"203":{"start":{"line":597,"column":16},"end":{"line":597,"column":36}},"204":{"start":{"line":598,"column":16},"end":{"line":598,"column":29}},"205":{"start":{"line":602,"column":12},"end":{"line":607,"column":13}},"206":{"start":{"line":605,"column":16},"end":{"line":605,"column":106}},"207":{"start":{"line":606,"column":16},"end":{"line":606,"column":29}},"208":{"start":{"line":610,"column":12},"end":{"line":612,"column":13}},"209":{"start":{"line":611,"column":16},"end":{"line":611,"column":29}},"210":{"start":{"line":615,"column":10},"end":{"line":657,"column":11}},"211":{"start":{"line":616,"column":14},"end":{"line":656,"column":15}},"212":{"start":{"line":618,"column":22},"end":{"line":618,"column":28}},"213":{"start":{"line":621,"column":22},"end":{"line":621,"column":39}},"214":{"start":{"line":622,"column":22},"end":{"line":622,"column":28}},"215":{"start":{"line":625,"column":22},"end":{"line":625,"column":40}},"216":{"start":{"line":626,"column":22},"end":{"line":626,"column":28}},"217":{"start":{"line":629,"column":22},"end":{"line":629,"column":41}},"218":{"start":{"line":630,"column":22},"end":{"line":630,"column":40}},"219":{"start":{"line":631,"column":22},"end":{"line":631,"column":28}},"220":{"start":{"line":635,"column":22},"end":{"line":635,"column":39}},"221":{"start":{"line":636,"column":22},"end":{"line":636,"column":41}},"222":{"start":{"line":637,"column":22},"end":{"line":637,"column":28}},"223":{"start":{"line":641,"column":22},"end":{"line":641,"column":39}},"224":{"start":{"line":642,"column":22},"end":{"line":642,"column":41}},"225":{"start":{"line":643,"column":22},"end":{"line":643,"column":28}},"226":{"start":{"line":647,"column":22},"end":{"line":647,"column":39}},"227":{"start":{"line":648,"column":22},"end":{"line":648,"column":41}},"228":{"start":{"line":649,"column":22},"end":{"line":649,"column":28}},"229":{"start":{"line":653,"column":22},"end":{"line":653,"column":39}},"230":{"start":{"line":654,"column":22},"end":{"line":654,"column":41}},"231":{"start":{"line":655,"column":22},"end":{"line":655,"column":28}},"232":{"start":{"line":659,"column":14},"end":{"line":703,"column":11}},"233":{"start":{"l
[...]
tup.center = true;","                return false;","            }","","            // If the position name is incorrect","            if(['center', 'top', 'right', 'bottom', 'left', 'topLeft', 'leftTop', 'topRight',","                    'rightTop', 'bottomRight', 'rightBottom', 'bottomLeft', 'leftBottom'].indexOf(position) < 0){","","                console.log('The specified position \"' + position + '\" is\\'not correct! Check the docs.');","                return false;","            }","","            // It's center by default, no need to carry on","            if(position == 'center'){","                return false;","            }","","            // Compensate for the frames","          if (setup.frame === true) {","              switch (position) {","                  case 'left':","                      break;","","                  case 'right':","                      windowWidth += 8;","                      break;","","                  case 'top':","                      windowWidth += 13;","                      break;","","                  case 'bottom':","                      windowHeight += 50;","                      windowWidth += 13;","                      break;","","                  case 'leftTop':","                  case 'topLeft':","                      windowWidth += 0;","                      windowHeight += 50;","                      break;","","                  case 'rightTop':","                  case 'topRight':","                      windowWidth += 8;","                      windowHeight += 50;","                      break;","","                  case 'leftBottom':","                  case 'bottomLeft':","                      windowWidth -= 0;","                      windowHeight += 50;","                      break;","","                  case 'rightBottom':","                  case 'bottomRight':","                      windowWidth += 8;","                      windowHeight += 50;","                      break;","              }","          }","","              switch (position) {","              case 'left':","                  y = Math.floor((screenSize.height - windowHeight) / 2);","                  x = positionMargin - 8;","                  break;","","              case 'right':","                  y = Math.floor((screenSize.height - windowHeight) / 2);","                  x = (screenSize.width - windowWidth) - positionMargin;","                  break;","","              case 'top':","                  y = positionMargin;","                  x = Math.floor((screenSize.width - windowWidth) / 2);","                  break;","","              case 'bottom':","                  y = (screenSize.height - windowHeight) - positionMargin;","                  x = Math.floor((screenSize.width - windowWidth) / 2);","                  break;","","              case 'leftTop':","              case 'topLeft':","                  y = positionMargin;","                  x = positionMargin - 8;","                  break;","","              case 'rightTop':","              case 'topRight':","                  y = positionMargin;","                  x = (screenSize.width - windowWidth) - positionMargin;","                  break;","","              case 'leftBottom':","              case 'bottomLeft':","                  y = (screenSize.height - windowHeight) - positionMargin;","                  x = positionMargin - 8;","                  break;","","              case 'rightBottom':","              case 'bottomRight':","                  y = (screenSize.height - windowHeight) - positionMargin;","                  x = (screenSize.width - windowWidth) - positionMargin;","                  break;","          }","","            return [x, y];","        }","    };","","    /**","     * Manges the layouts information","     * */","    var layouts = {","        'layouts': {},","","        /**","         * Registers a new layout","         * @param name The name of the layout","         * @param path The path to the layout. It will be automatically prefixed with the app full path","         * */","        'add': function(name, path){","            this.layouts[name] = utils.getAppLocalPath() + path;","        },","","        /**","         * Retrieves the layout path, by name","         * @param name The name of the layout registered earlier","         * */","        'get': function(name){","            return this.layouts[name];","        }","    };","","    /**","     * The module interface","     * */","    var windowManager = {","        /**","         * The templates management API","         * */","        'templates': templates,","        /**","         * The layouts management API","         * */","        'layouts': layouts,","        /**","         * The utilities","         * */","        'utils': utils,","        /**","         * The event emitter","         * */","        'eventEmitter': EventEmitter,","        /**","         * The shortcuts module","         * */","        'shortcuts': Shortcuts,","","        /**","         * The global configuration","         * */","        'config': {","            'appBase': null, // The full path to the application directory","            'devMode': true, // Turns the development mode on/off","            'layouts': false, // A list of the layouts, a direct shortcut, instead of using layouts.add for each layout","            'defaultLayout': false, // The default layout name","            'defaultSetupTemplate': false, // The default setup template name","            'defaultWindowTitle': null, // The default window title","            'windowsTitlePrefix': null, // A prefix for the windows title","            /**","             * The window url global load-failure callback","             * */","            \"onLoadFailure\": function(window){","                window.content().loadURL('file://' + __dirname + '/loadFailure.html');","            }","        },","","        /**","         * The Window instances, stored by names","         * */","        'windows': {},","","        /**","         * Initiate the module","         * @param config The configuration for the module","         * */","        'init': function(config){","            // If the config object is provided","            if(_.isObject(config)){","                this.config = _.extend(this.config, config);","","            }else if(_.isString(config)){","                this.config.appBase = config;","            }","","            // If the app base isn't provided","            if(!this.config.appBase){","                this.config.appBase = utils.getAppLocalPath();","            }","","            // If the layouts list was passed in the config","            if(this.config.layouts && _.isObject(this.config.layouts)){","                _.each(this.config.layouts, function(path, name){","                    layouts.add(name, path);","                });","            }","","            // If the dev mode is on","            if(this.config.devMode === true){","                // Attach some shortcuts","                Application.on('ready', function(){","","                    // CTRL+F12 to toggle the dev tools","                    Shortcuts.register('CmdOrCtrl+F12', function(){","                        var window = windowManager.getCurrent();","                        if(window) window.toggleDevTools();","                    });","","                    // CTRL+R to reload the page","                    Shortcuts.register('CmdOrCtrl+R', function(){","                        var window = windowManager.getCurrent();","                        if(window) window.reload();","                    });","","                });","            }","","            // If a default setup is provided","            if(this.config.defaultSetup){","                this.setDefaultSetup(this.config.defaultSetup);","                delete this.config.defaultSetup;","            }","        },","","        /**","         * Sets the default setup for all the BrowserWindow instances, unless a different template is selected","         * or false is passed instead. It creates a new template with the name \"default\" for this setup.","         * @param setup The setup object","         * */","        'setDefaultSetup': function(setup){","            if(!_.isObject(setup)) return false;","","            // Add the setup template","            templates.set('default', setup);","","            // Make it the default setup","            this.config.defaultSetupTemplate = 'default';","        },","","        /**","         * Using this method you can create more than one window with the setup information retrieved from a JSON file.","         * */","        'importList': function(file){","            var list = require(utils.getAppLocalPath() + file);","            if(!_.isObject(list)) return false;","","            _.each(list, function(window, name){","                windowManager.createNew(name, window.title, window.url, window.setupTemplate, window.setup);","            });","        },","","        /**","         * Create a new window instance. Check the Window object for documentation.","         * */","        'createNew': function(name, title, url, setupTemplate, setup, showDevTools){","            // Create the window instance","            var window = new Window(name, title, url, setupTemplate, setup, showDevTools);","","            // If the window was created","            return _.isEmpty(window) ?false :window;","        },","","        /**","         * Opens a new window","         * */","        'open': function(name, title, content, setupTemplate, setup, showDevTools){","            var window = this.createNew(name, title, content, setupTemplate, setup, showDevTools);","            if(window) window.open();","            return window;","        },","","        /**","         * Create a clone of the passed window","         * */","        'clone': function(name){","            var window = this.get(name);","            if(!window) return;","","            return this.createNew(false, false, false,  false, this.setup);","        },","","        /**","         * Get a window instance, by name","         * */","        'get': function(name){","            if(!this.windows[name]){","                console.log('Window ' + name + ' doesn\\'t exist!');","                return false;","            }","","            return this.windows[name];","        },","","        /**","         * Get a window instance, by BrowserWindow instance id","         */","        getById: function(id) {","            var instance;","            _.each(this.windows, function(window){","                if(window.object.id === id){","                    instance = window;","                }","            });","            return instance;","        },","","        /**","         * Fetches the currently-under-focus window","         * */","        'getCurrent': function(){","            var thisWindow = BrowserWindow.getFocusedWindow();","            if(!thisWindow) return false;","","            return this.getById(thisWindow.object.id);","        },","","        /**","         * Closes a window, by name","         * */","        'close': function(name){","            this.get(name).object.close();","        },","","        /**","         * Closes this/current window","         * */","        'closeCurrent': function(){","            var current = this.getCurrent();","            if(current) current.close();","        },","","        /**","         * Destroy a window instance, by name","         * */","        'destroy': function(name){","            this.get(name).destroy();","        },","","        /**","         * Close all windows created by this module","         * */","        'closeAll': function(){","            _.each(this.windows, function(window){","                window.close();","            });","        },","","        /**","         * Close all window except for one","         * */","        'closeAllExcept': function(name){","            // Get all the windows","            var windows = BrowserWindow.getAllWindows();","","            // Get the window through the name","            var windowID = this.get(name).object.id;","            if(!windows.length || !windowID) return false;","","            // Loop through the windows, close all of them and focus on the targeted one","            _.each(windows, function(window){","                if(window.id != windowID){","                    window.close();","                }","            });","","            this.get(name).focus();","        },","","        /**","         * Focuses on a specific, by name","         * */","        'focusOn': function(name){","            this.get(name).focus();","        },","","        /**","         * Maximize a window by name","         * */","        'maximize': function(name){","            var win = (name) ? this.get(name) : this.getCurrent();","            win.maximize();","        },","","        /**","         * Minimize a window by name","         * */","        'minimize': function(name){","            var win = (name) ? this.get(name) : this.getCurrent();","            win.minimize();","        },","","        /**","         * Restore a window by name","         * */","        'restore': function(name){","            this.get(name).object.restore();","        },","","        /**","         * This method simply takes two values, the first is the one that goes when the development mode is on and","         * the other is when it's off, and according to whether it's on or off, the corresponding value will be returned","         * */","        'devModeChoice': function(whenDevMode, whenNotDevMode){","            return (this.config.devMode === true) ?whenDevMode: whenNotDevMode;","        },","","        /**","         * A simple way of sharing data between windows","         * */","        'sharedData': {","            /**","             * The Watch.js object","             * */","            'watcher': WatchJS,","","            /**","             * The shared data/values","             * */","            'data': {},","","            /**","             * Sets a new key/value pair","             * */","            'set': function(key, value){","                this.data[key] = value;","            },","","            /**","             * Fetches a stored value from the data store, by the property name","             * @param key The key of the value","             * @param altValue The alternative value to return in case the passed key doesn't exist","             * */","            'fetch': function(key, altValue){","                return this.data[key] ?this.data[key] :altValue;","            },","","            /**","             * Watches for property changes in the shared data, and triggers a callback whenever a change happens","             * */","            'watch': function(prop, callback){","                this.watcher.watch(this.data, prop, callback);","            }","        },","","        /**","         * Creates a bridge between windows, by using Node.js EventEmitter module. Using this feature you will be able","         * to fire callbacks to certain events pre-defined in the listening windows/pages","         * */","        'bridge': {","            /**","             * Sets the callback to trigger whenever an event is emitted","             * @param event The name of the event","             * @param callback The callback to trigger, this callback will be given the data passed (if any), and","             * the name of the targeted window and finally the name of the window that triggered/emitted the event","             * @return the handler that add into the event listeners array","             * */","            'on': function(event, callback){","                let id =  windowManager.eventEmitter.listenerCount(event);","","                windowManager.eventEmitter.addListener(event, function(event){","                    callback.call(null, event.data, event.target, event.emittedBy);","                });","","                return windowManager.eventEmitter.listeners(event)[id];","            },","","            /**","             * Remove a event listener returned by windowManger.bridge.on","             * or windowManager.bridge.addListener","             * @param event The name of the event","             * @param handler the listen handler returned by","             *        windowManager.bridge.on or windowManager.bridge.on","             */","            'removeListener': function(event, handler) {","                windowManager.eventEmitter.removeListener(event, handler);","            },","","            /**","             * Emits an event","             * @param event The name of the event","             * @param data [optional] Any accompanying value(s)","             * @param target [optional] The name of the targeted window","             * */","            'emit': function(event, data, target){","                windowManager.eventEmitter.emit(event, {","                    'emittedBy': windowManager.getCurrent().name,","                    'target': target,","                    'data': data","                });","            }","        }","    };","","    module.exports = windowManager;",""],"l":{"11":2,"12":0,"13":0,"14":0,"15":0,"16":0,"17":0,"18":0,"30":0,"32":0,"33":0,"36":0,"37":0,"41":0,"44":0,"46":0,"51":0,"52":0,"53":0,"56":0,"57":0,"58":0,"65":0,"66":0,"70":0,"76":0,"77":0,"78":0,"80":0,"81":0,"89":0,"91":0,"97":0,"98":0,"104":0,"105":0,"112":0,"113":0,"115":0,"116":0,"120":0,"123":0,"124":0,"126":0,"129":0,"130":0,"133":0,"139":0,"140":0,"143":0,"144":0,"149":0,"151":0,"152":0,"153":0,"157":0,"158":0,"159":0,"160":0,"166":0,"167":0,"168":0,"171":0,"174":0,"177":0,"178":0,"182":0,"183":0,"184":0,"187":0,"188":0,"192":0,"193":0,"197":0,"199":0,"203":0,"204":0,"207":0,"210":0,"211":0,"214":0,"222":0,"224":0,"225":0,"226":0,"230":0,"233":0,"234":0,"241":0,"242":0,"244":0,"250":0,"252":0,"254":0,"259":0,"260":0,"261":0,"264":0,"265":0,"268":0,"269":0,"270":0,"273":0,"275":0,"279":0,"280":0,"281":0,"284":0,"286":0,"290":0,"293":0,"299":0,"308":0,"309":0,"316":0,"318":0,"321":0,"324":0,"330":0,"331":0,"338":0,"339":0,"341":0,"345":0,"352":0,"353":0,"362":0,"363":0,"367":0,"368":0,"376":0,"377":0,"383":0,"384":0,"385":0,"392":0,"393":0,"399":0,"400":0,"401":0,"402":0,"408":0,"409":0,"411":0,"417":0,"418":0,"419":0,"421":0,"427":0,"428":0,"430":0,"436":0,"437":0,"439":0,"446":0,"447":0,"449":0,"455":0,"456":0,"458":0,"459":0,"462":0,"469":0,"471":0,"474":0,"475":0,"476":0,"478":0,"479":0,"480":0,"485":0,"492":0,"498":0,"500":0,"502":0,"509":0,"515":0,"522":0,"524":0,"531":0,"540":0,"542":0,"551":0,"558":0,"563":0,"571":0,"572":0,"575":0,"584":0,"593":0,"594":0,"597":0,"598":0,"602":0,"605":0,"606":0,"610":0,"611":0,"615":0,"616":0,"618":0,"621":0,"622":0,"625":0,"626":0,"629":0,"630":0,"631":0,"635":0,"636":0,"637":0,"641":0,"642":0,"643":0,"647":0,"648":0,"649":0,"653":0,"654":0,"655":0,"659":0,"661":0,"662":0,"663":0,"666":0,"667":0,"668":0,"671":0,"672":0,"673":0,"676":0,"677":0,"678":0,"682":0,"683":0,"684":0,"688":0,"689":0,"690":0,"694":0,"695":0,"696":0,"700":0,"701":0,"702":0,"705":0,"712":0,"721":0,"729":0,"736":0,"773":0,"788":0,"789":0,"791":0,"792":0,"796":0,"797":0,"801":0,"802":0,"803":0,"808":0,"810":0,"813":0,"814":0,"815":0,"819":0,"820":0,"821":0,"828":0,"829":0,"830":0,"840":0,"843":0,"846":0,"853":0,"854":0,"856":0,"857":0,"866":0,"869":0,"876":0,"877":0,"878":0,"885":0,"886":0,"888":0,"895":0,"896":0,"897":0,"900":0,"907":0,"908":0,"909":0,"910":0,"913":0,"920":0,"921":0,"923":0,"930":0,"937":0,"938":0,"945":0,"952":0,"953":0,"962":0,"965":0,"966":0,"969":0,"970":0,"971":0,"975":0,"982":0,"989":0,"990":0,"997":0,"998":0,"1005":0,"1013":0,"1034":0,"1043":0,"1050":0,"1067":0,"1069":0,"1070":0,"1073":0,"1084":0,"1094":0,"1103":0}}}